[2018-03-11 22:11:57,911] DEBUG preRegister called. Server=com.sun.jmx.mbeanserver.JmxMBeanServer@66d3c617, name=log4j:logger=kafka.controller (kafka.controller)
[2018-03-11 22:12:36,211] INFO [controller-event-thread]: Starting (kafka.controller.ControllerEventManager$ControllerEventThread)
[2018-03-11 22:12:36,378] INFO [Controller id=0] 0 successfully elected as the controller (kafka.controller.KafkaController)
[2018-03-11 22:12:36,379] INFO [Controller id=0] Starting become controller state transition (kafka.controller.KafkaController)
[2018-03-11 22:12:36,412] INFO [Controller id=0] Initialized controller epoch to 1 and zk version 0 (kafka.controller.KafkaController)
[2018-03-11 22:12:36,418] INFO [Controller id=0] Incremented epoch to 2 (kafka.controller.KafkaController)
[2018-03-11 22:12:36,427] DEBUG [Controller id=0] Registering IsrChangeNotificationListener (kafka.controller.KafkaController)
[2018-03-11 22:12:36,443] DEBUG [Controller id=0] Registering logDirEventNotificationListener (kafka.controller.KafkaController)
[2018-03-11 22:12:36,676] INFO [Controller id=0] Partitions being reassigned: Map() (kafka.controller.KafkaController)
[2018-03-11 22:12:36,677] INFO [Controller id=0] Partitions already reassigned: Set() (kafka.controller.KafkaController)
[2018-03-11 22:12:36,679] INFO [Controller id=0] Resuming reassignment of partitions: Map() (kafka.controller.KafkaController)
[2018-03-11 22:12:36,680] INFO [Controller id=0] Currently active brokers in the cluster: Set() (kafka.controller.KafkaController)
[2018-03-11 22:12:36,681] INFO [Controller id=0] Currently shutting brokers in the cluster: Set() (kafka.controller.KafkaController)
[2018-03-11 22:12:36,681] INFO [Controller id=0] Current list of topics in the cluster: Set(myTopic, __consumer_offsets) (kafka.controller.KafkaController)
[2018-03-11 22:12:36,689] INFO [Controller id=0] List of topics to be deleted:  (kafka.controller.KafkaController)
[2018-03-11 22:12:36,690] INFO [Controller id=0] List of topics ineligible for deletion: __consumer_offsets,myTopic (kafka.controller.KafkaController)
[2018-03-11 22:12:36,804] INFO [ReplicaStateMachine controllerId=0] Started replica state machine with initial state -> Map([Topic=__consumer_offsets,Partition=39,Replica=0] -> ReplicaDeletionIneligible, [Topic=__consumer_offsets,Partition=21,Replica=0] -> ReplicaDeletionIneligible, [Topic=__consumer_offsets,Partition=6,Replica=0] -> ReplicaDeletionIneligible, [Topic=__consumer_offsets,Partition=33,Replica=0] -> ReplicaDeletionIneligible, [Topic=myTopic,Partition=0,Replica=0] -> ReplicaDeletionIneligible, [Topic=__consumer_offsets,Partition=12,Replica=0] -> ReplicaDeletionIneligible, [Topic=__consumer_offsets,Partition=17,Replica=0] -> ReplicaDeletionIneligible, [Topic=__consumer_offsets,Partition=9,Replica=0] -> ReplicaDeletionIneligible, [Topic=__consumer_offsets,Partition=20,Replica=0] -> ReplicaDeletionIneligible, [Topic=__consumer_offsets,Partition=3,Replica=0] -> ReplicaDeletionIneligible, [Topic=__consumer_offsets,Partition=19,Replica=0] -> ReplicaDeletionIneligible, [Topic=__consumer_offsets,Partition=49,Replica=0] -> ReplicaDeletionIneligible, [Topic=__consumer_offsets,Partition=45,Replica=0] -> ReplicaDeletionIneligible, [Topic=__consumer_offsets,Partition=22,Replica=0] -> ReplicaDeletionIneligible, [Topic=__consumer_offsets,Partition=27,Replica=0] -> ReplicaDeletionIneligible, [Topic=__consumer_offsets,Partition=32,Replica=0] -> ReplicaDeletionIneligible, [Topic=__consumer_offsets,Partition=11,Replica=0] -> ReplicaDeletionIneligible, [Topic=__consumer_offsets,Partition=42,Replica=0] -> ReplicaDeletionIneligible, [Topic=__consumer_offsets,Partition=48,Replica=0] -> ReplicaDeletionIneligible, [Topic=__consumer_offsets,Partition=43,Replica=0] -> ReplicaDeletionIneligible, [Topic=__consumer_offsets,Partition=38,Replica=0] -> ReplicaDeletionIneligible, [Topic=__consumer_offsets,Partition=8,Replica=0] -> ReplicaDeletionIneligible, [Topic=__consumer_offsets,Partition=28,Replica=0] -> ReplicaDeletionIneligible, [Topic=__consumer_offsets,Partition=2,Replica=0] -> ReplicaDeletionIneligible, [Topic=__consumer_offsets,Partition=29,Replica=0] -> ReplicaDeletionIneligible, [Topic=__consumer_offsets,Partition=36,Replica=0] -> ReplicaDeletionIneligible, [Topic=__consumer_offsets,Partition=40,Replica=0] -> ReplicaDeletionIneligible, [Topic=__consumer_offsets,Partition=16,Replica=0] -> ReplicaDeletionIneligible, [Topic=__consumer_offsets,Partition=15,Replica=0] -> ReplicaDeletionIneligible, [Topic=__consumer_offsets,Partition=46,Replica=0] -> ReplicaDeletionIneligible, [Topic=__consumer_offsets,Partition=1,Replica=0] -> ReplicaDeletionIneligible, [Topic=__consumer_offsets,Partition=44,Replica=0] -> ReplicaDeletionIneligible, [Topic=__consumer_offsets,Partition=23,Replica=0] -> ReplicaDeletionIneligible, [Topic=__consumer_offsets,Partition=4,Replica=0] -> ReplicaDeletionIneligible, [Topic=__consumer_offsets,Partition=26,Replica=0] -> ReplicaDeletionIneligible, [Topic=__consumer_offsets,Partition=30,Replica=0] -> ReplicaDeletionIneligible, [Topic=__consumer_offsets,Partition=34,Replica=0] -> ReplicaDeletionIneligible, [Topic=__consumer_offsets,Partition=37,Replica=0] -> ReplicaDeletionIneligible, [Topic=__consumer_offsets,Partition=10,Replica=0] -> ReplicaDeletionIneligible, [Topic=__consumer_offsets,Partition=18,Replica=0] -> ReplicaDeletionIneligible, [Topic=__consumer_offsets,Partition=7,Replica=0] -> ReplicaDeletionIneligible, [Topic=__consumer_offsets,Partition=31,Replica=0] -> ReplicaDeletionIneligible, [Topic=__consumer_offsets,Partition=24,Replica=0] -> ReplicaDeletionIneligible, [Topic=__consumer_offsets,Partition=41,Replica=0] -> ReplicaDeletionIneligible, [Topic=__consumer_offsets,Partition=0,Replica=0] -> ReplicaDeletionIneligible, [Topic=__consumer_offsets,Partition=14,Replica=0] -> ReplicaDeletionIneligible, [Topic=__consumer_offsets,Partition=5,Replica=0] -> ReplicaDeletionIneligible, [Topic=__consumer_offsets,Partition=13,Replica=0] -> ReplicaDeletionIneligible, [Topic=__consumer_offsets,Partition=25,Replica=0] -> ReplicaDeletionIneligible, [Topic=__consumer_offsets,Partition=47,Replica=0] -> ReplicaDeletionIneligible, [Topic=__consumer_offsets,Partition=35,Replica=0] -> ReplicaDeletionIneligible) (kafka.controller.ReplicaStateMachine)
[2018-03-11 22:12:37,167] INFO [PartitionStateMachine controllerId=0] Started partition state machine with initial state -> Map(__consumer_offsets-19 -> OfflinePartition, __consumer_offsets-30 -> OfflinePartition, __consumer_offsets-47 -> OfflinePartition, __consumer_offsets-29 -> OfflinePartition, __consumer_offsets-41 -> OfflinePartition, __consumer_offsets-39 -> OfflinePartition, __consumer_offsets-10 -> OfflinePartition, __consumer_offsets-17 -> OfflinePartition, __consumer_offsets-14 -> OfflinePartition, __consumer_offsets-40 -> OfflinePartition, __consumer_offsets-18 -> OfflinePartition, __consumer_offsets-26 -> OfflinePartition, __consumer_offsets-0 -> OfflinePartition, __consumer_offsets-24 -> OfflinePartition, __consumer_offsets-33 -> OfflinePartition, myTopic-0 -> OfflinePartition, __consumer_offsets-20 -> OfflinePartition, __consumer_offsets-21 -> OfflinePartition, __consumer_offsets-3 -> OfflinePartition, __consumer_offsets-22 -> OfflinePartition, __consumer_offsets-5 -> OfflinePartition, __consumer_offsets-12 -> OfflinePartition, __consumer_offsets-8 -> OfflinePartition, __consumer_offsets-23 -> OfflinePartition, __consumer_offsets-15 -> OfflinePartition, __consumer_offsets-48 -> OfflinePartition, __consumer_offsets-11 -> OfflinePartition, __consumer_offsets-13 -> OfflinePartition, __consumer_offsets-49 -> OfflinePartition, __consumer_offsets-6 -> OfflinePartition, __consumer_offsets-28 -> OfflinePartition, __consumer_offsets-4 -> OfflinePartition, __consumer_offsets-37 -> OfflinePartition, __consumer_offsets-31 -> OfflinePartition, __consumer_offsets-44 -> OfflinePartition, __consumer_offsets-42 -> OfflinePartition, __consumer_offsets-34 -> OfflinePartition, __consumer_offsets-46 -> OfflinePartition, __consumer_offsets-25 -> OfflinePartition, __consumer_offsets-45 -> OfflinePartition, __consumer_offsets-27 -> OfflinePartition, __consumer_offsets-32 -> OfflinePartition, __consumer_offsets-43 -> OfflinePartition, __consumer_offsets-36 -> OfflinePartition, __consumer_offsets-35 -> OfflinePartition, __consumer_offsets-7 -> OfflinePartition, __consumer_offsets-9 -> OfflinePartition, __consumer_offsets-38 -> OfflinePartition, __consumer_offsets-1 -> OfflinePartition, __consumer_offsets-2 -> OfflinePartition, __consumer_offsets-16 -> OfflinePartition) (kafka.controller.PartitionStateMachine)
[2018-03-11 22:12:37,179] INFO [Controller id=0] Ready to serve as the new controller with epoch 2 (kafka.controller.KafkaController)
[2018-03-11 22:12:37,182] INFO [Controller id=0] Partitions undergoing preferred replica election:  (kafka.controller.KafkaController)
[2018-03-11 22:12:37,183] INFO [Controller id=0] Partitions that completed preferred replica election:  (kafka.controller.KafkaController)
[2018-03-11 22:12:37,183] INFO [Controller id=0] Skipping preferred replica election for partitions due to topic deletion:  (kafka.controller.KafkaController)
[2018-03-11 22:12:37,184] INFO [Controller id=0] Resuming preferred replica election for partitions:  (kafka.controller.KafkaController)
[2018-03-11 22:12:37,184] INFO [Controller id=0] Starting preferred replica leader election for partitions  (kafka.controller.KafkaController)
[2018-03-11 22:12:37,185] INFO [PartitionStateMachine controllerId=0] Invoking state change to OnlinePartition for partitions  (kafka.controller.PartitionStateMachine)
[2018-03-11 22:12:37,201] INFO [Controller id=0] Starting the controller scheduler (kafka.controller.KafkaController)
[2018-03-11 22:12:37,247] INFO [Controller id=0] Newly added brokers: 0, deleted brokers: , all live brokers: 0 (kafka.controller.KafkaController)
[2018-03-11 22:12:37,248] DEBUG [Channel manager on controller 0]: Controller 0 trying to connect to broker 0 (kafka.controller.ControllerChannelManager)
[2018-03-11 22:12:37,264] INFO [Controller id=0] New broker startup callback for 0 (kafka.controller.KafkaController)
[2018-03-11 22:12:37,271] INFO [Controller-0-to-broker-0-send-thread]: Starting (kafka.controller.RequestSendThread)
[2018-03-11 22:12:37,295] INFO [Controller-0-to-broker-0-send-thread]: Controller 0 connected to 47.94.210.233:9092 (id: 0 rack: null) for sending state change requests (kafka.controller.RequestSendThread)
[2018-03-11 22:12:37,367] INFO [ReplicaStateMachine controllerId=0] Invoking state change to OnlineReplica for replicas [Topic=__consumer_offsets,Partition=25,Replica=0],[Topic=__consumer_offsets,Partition=12,Replica=0],[Topic=__consumer_offsets,Partition=31,Replica=0],[Topic=__consumer_offsets,Partition=40,Replica=0],[Topic=__consumer_offsets,Partition=35,Replica=0],[Topic=__consumer_offsets,Partition=9,Replica=0],[Topic=__consumer_offsets,Partition=43,Replica=0],[Topic=__consumer_offsets,Partition=2,Replica=0],[Topic=__consumer_offsets,Partition=11,Replica=0],[Topic=__consumer_offsets,Partition=29,Replica=0],[Topic=__consumer_offsets,Partition=30,Replica=0],[Topic=__consumer_offsets,Partition=4,Replica=0],[Topic=__consumer_offsets,Partition=42,Replica=0],[Topic=__consumer_offsets,Partition=26,Replica=0],[Topic=__consumer_offsets,Partition=34,Replica=0],[Topic=__consumer_offsets,Partition=17,Replica=0],[Topic=__consumer_offsets,Partition=37,Replica=0],[Topic=__consumer_offsets,Partition=27,Replica=0],[Topic=__consumer_offsets,Partition=10,Replica=0],[Topic=__consumer_offsets,Partition=41,Replica=0],[Topic=__consumer_offsets,Partition=20,Replica=0],[Topic=__consumer_offsets,Partition=28,Replica=0],[Topic=__consumer_offsets,Partition=46,Replica=0],[Topic=__consumer_offsets,Partition=39,Replica=0],[Topic=__consumer_offsets,Partition=47,Replica=0],[Topic=__consumer_offsets,Partition=49,Replica=0],[Topic=__consumer_offsets,Partition=22,Replica=0],[Topic=myTopic,Partition=0,Replica=0],[Topic=__consumer_offsets,Partition=1,Replica=0],[Topic=__consumer_offsets,Partition=24,Replica=0],[Topic=__consumer_offsets,Partition=6,Replica=0],[Topic=__consumer_offsets,Partition=36,Replica=0],[Topic=__consumer_offsets,Partition=8,Replica=0],[Topic=__consumer_offsets,Partition=38,Replica=0],[Topic=__consumer_offsets,Partition=16,Replica=0],[Topic=__consumer_offsets,Partition=21,Replica=0],[Topic=__consumer_offsets,Partition=18,Replica=0],[Topic=__consumer_offsets,Partition=0,Replica=0],[Topic=__consumer_offsets,Partition=48,Replica=0],[Topic=__consumer_offsets,Partition=5,Replica=0],[Topic=__consumer_offsets,Partition=13,Replica=0],[Topic=__consumer_offsets,Partition=3,Replica=0],[Topic=__consumer_offsets,Partition=44,Replica=0],[Topic=__consumer_offsets,Partition=15,Replica=0],[Topic=__consumer_offsets,Partition=7,Replica=0],[Topic=__consumer_offsets,Partition=19,Replica=0],[Topic=__consumer_offsets,Partition=33,Replica=0],[Topic=__consumer_offsets,Partition=45,Replica=0],[Topic=__consumer_offsets,Partition=23,Replica=0],[Topic=__consumer_offsets,Partition=32,Replica=0],[Topic=__consumer_offsets,Partition=14,Replica=0] (kafka.controller.ReplicaStateMachine)
[2018-03-11 22:12:37,476] DEBUG [OfflinePartitionLeaderSelector]: Some broker in ISR is alive for __consumer_offsets-19. Select 0 from ISR 0 to be the leader. (kafka.controller.OfflinePartitionLeaderSelector)
[2018-03-11 22:12:37,476] INFO [OfflinePartitionLeaderSelector]: Selected new leader and ISR {"leader":0,"leader_epoch":1,"isr":[0]} for offline partition __consumer_offsets-19 (kafka.controller.OfflinePartitionLeaderSelector)
[2018-03-11 22:12:37,508] DEBUG [PartitionStateMachine controllerId=0] After leader election, leader cache for __consumer_offsets-19 is updated to (Leader:0,ISR:0,LeaderEpoch:1,ControllerEpoch:2) (kafka.controller.PartitionStateMachine)
[2018-03-11 22:12:37,510] DEBUG [OfflinePartitionLeaderSelector]: Some broker in ISR is alive for __consumer_offsets-30. Select 0 from ISR 0 to be the leader. (kafka.controller.OfflinePartitionLeaderSelector)
[2018-03-11 22:12:37,510] INFO [OfflinePartitionLeaderSelector]: Selected new leader and ISR {"leader":0,"leader_epoch":1,"isr":[0]} for offline partition __consumer_offsets-30 (kafka.controller.OfflinePartitionLeaderSelector)
[2018-03-11 22:12:37,516] DEBUG [PartitionStateMachine controllerId=0] After leader election, leader cache for __consumer_offsets-30 is updated to (Leader:0,ISR:0,LeaderEpoch:1,ControllerEpoch:2) (kafka.controller.PartitionStateMachine)
[2018-03-11 22:12:37,517] DEBUG [OfflinePartitionLeaderSelector]: Some broker in ISR is alive for __consumer_offsets-47. Select 0 from ISR 0 to be the leader. (kafka.controller.OfflinePartitionLeaderSelector)
[2018-03-11 22:12:37,517] INFO [OfflinePartitionLeaderSelector]: Selected new leader and ISR {"leader":0,"leader_epoch":1,"isr":[0]} for offline partition __consumer_offsets-47 (kafka.controller.OfflinePartitionLeaderSelector)
[2018-03-11 22:12:37,525] DEBUG [PartitionStateMachine controllerId=0] After leader election, leader cache for __consumer_offsets-47 is updated to (Leader:0,ISR:0,LeaderEpoch:1,ControllerEpoch:2) (kafka.controller.PartitionStateMachine)
[2018-03-11 22:12:37,526] DEBUG [OfflinePartitionLeaderSelector]: Some broker in ISR is alive for __consumer_offsets-29. Select 0 from ISR 0 to be the leader. (kafka.controller.OfflinePartitionLeaderSelector)
[2018-03-11 22:12:37,526] INFO [OfflinePartitionLeaderSelector]: Selected new leader and ISR {"leader":0,"leader_epoch":1,"isr":[0]} for offline partition __consumer_offsets-29 (kafka.controller.OfflinePartitionLeaderSelector)
[2018-03-11 22:12:37,535] DEBUG [PartitionStateMachine controllerId=0] After leader election, leader cache for __consumer_offsets-29 is updated to (Leader:0,ISR:0,LeaderEpoch:1,ControllerEpoch:2) (kafka.controller.PartitionStateMachine)
[2018-03-11 22:12:37,535] DEBUG [OfflinePartitionLeaderSelector]: Some broker in ISR is alive for __consumer_offsets-41. Select 0 from ISR 0 to be the leader. (kafka.controller.OfflinePartitionLeaderSelector)
[2018-03-11 22:12:37,536] INFO [OfflinePartitionLeaderSelector]: Selected new leader and ISR {"leader":0,"leader_epoch":1,"isr":[0]} for offline partition __consumer_offsets-41 (kafka.controller.OfflinePartitionLeaderSelector)
[2018-03-11 22:12:37,549] DEBUG [PartitionStateMachine controllerId=0] After leader election, leader cache for __consumer_offsets-41 is updated to (Leader:0,ISR:0,LeaderEpoch:1,ControllerEpoch:2) (kafka.controller.PartitionStateMachine)
[2018-03-11 22:12:37,550] DEBUG [OfflinePartitionLeaderSelector]: Some broker in ISR is alive for __consumer_offsets-39. Select 0 from ISR 0 to be the leader. (kafka.controller.OfflinePartitionLeaderSelector)
[2018-03-11 22:12:37,550] INFO [OfflinePartitionLeaderSelector]: Selected new leader and ISR {"leader":0,"leader_epoch":1,"isr":[0]} for offline partition __consumer_offsets-39 (kafka.controller.OfflinePartitionLeaderSelector)
[2018-03-11 22:12:37,570] DEBUG [PartitionStateMachine controllerId=0] After leader election, leader cache for __consumer_offsets-39 is updated to (Leader:0,ISR:0,LeaderEpoch:1,ControllerEpoch:2) (kafka.controller.PartitionStateMachine)
[2018-03-11 22:12:37,572] DEBUG [OfflinePartitionLeaderSelector]: Some broker in ISR is alive for __consumer_offsets-10. Select 0 from ISR 0 to be the leader. (kafka.controller.OfflinePartitionLeaderSelector)
[2018-03-11 22:12:37,572] INFO [OfflinePartitionLeaderSelector]: Selected new leader and ISR {"leader":0,"leader_epoch":1,"isr":[0]} for offline partition __consumer_offsets-10 (kafka.controller.OfflinePartitionLeaderSelector)
[2018-03-11 22:12:37,580] DEBUG [PartitionStateMachine controllerId=0] After leader election, leader cache for __consumer_offsets-10 is updated to (Leader:0,ISR:0,LeaderEpoch:1,ControllerEpoch:2) (kafka.controller.PartitionStateMachine)
[2018-03-11 22:12:37,581] DEBUG [OfflinePartitionLeaderSelector]: Some broker in ISR is alive for __consumer_offsets-17. Select 0 from ISR 0 to be the leader. (kafka.controller.OfflinePartitionLeaderSelector)
[2018-03-11 22:12:37,581] INFO [OfflinePartitionLeaderSelector]: Selected new leader and ISR {"leader":0,"leader_epoch":1,"isr":[0]} for offline partition __consumer_offsets-17 (kafka.controller.OfflinePartitionLeaderSelector)
[2018-03-11 22:12:37,591] DEBUG [PartitionStateMachine controllerId=0] After leader election, leader cache for __consumer_offsets-17 is updated to (Leader:0,ISR:0,LeaderEpoch:1,ControllerEpoch:2) (kafka.controller.PartitionStateMachine)
[2018-03-11 22:12:37,592] DEBUG [OfflinePartitionLeaderSelector]: Some broker in ISR is alive for __consumer_offsets-14. Select 0 from ISR 0 to be the leader. (kafka.controller.OfflinePartitionLeaderSelector)
[2018-03-11 22:12:37,592] INFO [OfflinePartitionLeaderSelector]: Selected new leader and ISR {"leader":0,"leader_epoch":1,"isr":[0]} for offline partition __consumer_offsets-14 (kafka.controller.OfflinePartitionLeaderSelector)
[2018-03-11 22:12:37,606] DEBUG [PartitionStateMachine controllerId=0] After leader election, leader cache for __consumer_offsets-14 is updated to (Leader:0,ISR:0,LeaderEpoch:1,ControllerEpoch:2) (kafka.controller.PartitionStateMachine)
[2018-03-11 22:12:37,607] DEBUG [OfflinePartitionLeaderSelector]: Some broker in ISR is alive for __consumer_offsets-40. Select 0 from ISR 0 to be the leader. (kafka.controller.OfflinePartitionLeaderSelector)
[2018-03-11 22:12:37,607] INFO [OfflinePartitionLeaderSelector]: Selected new leader and ISR {"leader":0,"leader_epoch":1,"isr":[0]} for offline partition __consumer_offsets-40 (kafka.controller.OfflinePartitionLeaderSelector)
[2018-03-11 22:12:37,616] DEBUG [PartitionStateMachine controllerId=0] After leader election, leader cache for __consumer_offsets-40 is updated to (Leader:0,ISR:0,LeaderEpoch:1,ControllerEpoch:2) (kafka.controller.PartitionStateMachine)
[2018-03-11 22:12:37,618] DEBUG [OfflinePartitionLeaderSelector]: Some broker in ISR is alive for __consumer_offsets-18. Select 0 from ISR 0 to be the leader. (kafka.controller.OfflinePartitionLeaderSelector)
[2018-03-11 22:12:37,618] INFO [OfflinePartitionLeaderSelector]: Selected new leader and ISR {"leader":0,"leader_epoch":1,"isr":[0]} for offline partition __consumer_offsets-18 (kafka.controller.OfflinePartitionLeaderSelector)
[2018-03-11 22:12:37,631] DEBUG [PartitionStateMachine controllerId=0] After leader election, leader cache for __consumer_offsets-18 is updated to (Leader:0,ISR:0,LeaderEpoch:1,ControllerEpoch:2) (kafka.controller.PartitionStateMachine)
[2018-03-11 22:12:37,632] DEBUG [OfflinePartitionLeaderSelector]: Some broker in ISR is alive for __consumer_offsets-26. Select 0 from ISR 0 to be the leader. (kafka.controller.OfflinePartitionLeaderSelector)
[2018-03-11 22:12:37,632] INFO [OfflinePartitionLeaderSelector]: Selected new leader and ISR {"leader":0,"leader_epoch":1,"isr":[0]} for offline partition __consumer_offsets-26 (kafka.controller.OfflinePartitionLeaderSelector)
[2018-03-11 22:12:37,639] DEBUG [PartitionStateMachine controllerId=0] After leader election, leader cache for __consumer_offsets-26 is updated to (Leader:0,ISR:0,LeaderEpoch:1,ControllerEpoch:2) (kafka.controller.PartitionStateMachine)
[2018-03-11 22:12:37,640] DEBUG [OfflinePartitionLeaderSelector]: Some broker in ISR is alive for __consumer_offsets-0. Select 0 from ISR 0 to be the leader. (kafka.controller.OfflinePartitionLeaderSelector)
[2018-03-11 22:12:37,640] INFO [OfflinePartitionLeaderSelector]: Selected new leader and ISR {"leader":0,"leader_epoch":1,"isr":[0]} for offline partition __consumer_offsets-0 (kafka.controller.OfflinePartitionLeaderSelector)
[2018-03-11 22:12:37,649] DEBUG [PartitionStateMachine controllerId=0] After leader election, leader cache for __consumer_offsets-0 is updated to (Leader:0,ISR:0,LeaderEpoch:1,ControllerEpoch:2) (kafka.controller.PartitionStateMachine)
[2018-03-11 22:12:37,650] DEBUG [OfflinePartitionLeaderSelector]: Some broker in ISR is alive for __consumer_offsets-24. Select 0 from ISR 0 to be the leader. (kafka.controller.OfflinePartitionLeaderSelector)
[2018-03-11 22:12:37,650] INFO [OfflinePartitionLeaderSelector]: Selected new leader and ISR {"leader":0,"leader_epoch":1,"isr":[0]} for offline partition __consumer_offsets-24 (kafka.controller.OfflinePartitionLeaderSelector)
[2018-03-11 22:12:37,653] DEBUG [PartitionStateMachine controllerId=0] After leader election, leader cache for __consumer_offsets-24 is updated to (Leader:0,ISR:0,LeaderEpoch:1,ControllerEpoch:2) (kafka.controller.PartitionStateMachine)
[2018-03-11 22:12:37,656] DEBUG [OfflinePartitionLeaderSelector]: Some broker in ISR is alive for __consumer_offsets-33. Select 0 from ISR 0 to be the leader. (kafka.controller.OfflinePartitionLeaderSelector)
[2018-03-11 22:12:37,656] INFO [OfflinePartitionLeaderSelector]: Selected new leader and ISR {"leader":0,"leader_epoch":1,"isr":[0]} for offline partition __consumer_offsets-33 (kafka.controller.OfflinePartitionLeaderSelector)
[2018-03-11 22:12:37,678] DEBUG [PartitionStateMachine controllerId=0] After leader election, leader cache for __consumer_offsets-33 is updated to (Leader:0,ISR:0,LeaderEpoch:1,ControllerEpoch:2) (kafka.controller.PartitionStateMachine)
[2018-03-11 22:12:37,679] DEBUG [OfflinePartitionLeaderSelector]: Some broker in ISR is alive for myTopic-0. Select 0 from ISR 0 to be the leader. (kafka.controller.OfflinePartitionLeaderSelector)
[2018-03-11 22:12:37,679] INFO [OfflinePartitionLeaderSelector]: Selected new leader and ISR {"leader":0,"leader_epoch":1,"isr":[0]} for offline partition myTopic-0 (kafka.controller.OfflinePartitionLeaderSelector)
[2018-03-11 22:12:37,686] DEBUG [PartitionStateMachine controllerId=0] After leader election, leader cache for myTopic-0 is updated to (Leader:0,ISR:0,LeaderEpoch:1,ControllerEpoch:2) (kafka.controller.PartitionStateMachine)
[2018-03-11 22:12:37,687] DEBUG [OfflinePartitionLeaderSelector]: Some broker in ISR is alive for __consumer_offsets-20. Select 0 from ISR 0 to be the leader. (kafka.controller.OfflinePartitionLeaderSelector)
[2018-03-11 22:12:37,687] INFO [OfflinePartitionLeaderSelector]: Selected new leader and ISR {"leader":0,"leader_epoch":1,"isr":[0]} for offline partition __consumer_offsets-20 (kafka.controller.OfflinePartitionLeaderSelector)
[2018-03-11 22:12:37,701] DEBUG [PartitionStateMachine controllerId=0] After leader election, leader cache for __consumer_offsets-20 is updated to (Leader:0,ISR:0,LeaderEpoch:1,ControllerEpoch:2) (kafka.controller.PartitionStateMachine)
[2018-03-11 22:12:37,702] DEBUG [OfflinePartitionLeaderSelector]: Some broker in ISR is alive for __consumer_offsets-21. Select 0 from ISR 0 to be the leader. (kafka.controller.OfflinePartitionLeaderSelector)
[2018-03-11 22:12:37,702] INFO [OfflinePartitionLeaderSelector]: Selected new leader and ISR {"leader":0,"leader_epoch":1,"isr":[0]} for offline partition __consumer_offsets-21 (kafka.controller.OfflinePartitionLeaderSelector)
[2018-03-11 22:12:37,724] DEBUG [PartitionStateMachine controllerId=0] After leader election, leader cache for __consumer_offsets-21 is updated to (Leader:0,ISR:0,LeaderEpoch:1,ControllerEpoch:2) (kafka.controller.PartitionStateMachine)
[2018-03-11 22:12:37,730] DEBUG [OfflinePartitionLeaderSelector]: Some broker in ISR is alive for __consumer_offsets-3. Select 0 from ISR 0 to be the leader. (kafka.controller.OfflinePartitionLeaderSelector)
[2018-03-11 22:12:37,730] INFO [OfflinePartitionLeaderSelector]: Selected new leader and ISR {"leader":0,"leader_epoch":1,"isr":[0]} for offline partition __consumer_offsets-3 (kafka.controller.OfflinePartitionLeaderSelector)
[2018-03-11 22:12:37,733] DEBUG [PartitionStateMachine controllerId=0] After leader election, leader cache for __consumer_offsets-3 is updated to (Leader:0,ISR:0,LeaderEpoch:1,ControllerEpoch:2) (kafka.controller.PartitionStateMachine)
[2018-03-11 22:12:37,735] DEBUG [OfflinePartitionLeaderSelector]: Some broker in ISR is alive for __consumer_offsets-22. Select 0 from ISR 0 to be the leader. (kafka.controller.OfflinePartitionLeaderSelector)
[2018-03-11 22:12:37,735] INFO [OfflinePartitionLeaderSelector]: Selected new leader and ISR {"leader":0,"leader_epoch":1,"isr":[0]} for offline partition __consumer_offsets-22 (kafka.controller.OfflinePartitionLeaderSelector)
[2018-03-11 22:12:37,743] DEBUG [PartitionStateMachine controllerId=0] After leader election, leader cache for __consumer_offsets-22 is updated to (Leader:0,ISR:0,LeaderEpoch:1,ControllerEpoch:2) (kafka.controller.PartitionStateMachine)
[2018-03-11 22:12:37,743] DEBUG [OfflinePartitionLeaderSelector]: Some broker in ISR is alive for __consumer_offsets-5. Select 0 from ISR 0 to be the leader. (kafka.controller.OfflinePartitionLeaderSelector)
[2018-03-11 22:12:37,743] INFO [OfflinePartitionLeaderSelector]: Selected new leader and ISR {"leader":0,"leader_epoch":1,"isr":[0]} for offline partition __consumer_offsets-5 (kafka.controller.OfflinePartitionLeaderSelector)
[2018-03-11 22:12:37,746] DEBUG [PartitionStateMachine controllerId=0] After leader election, leader cache for __consumer_offsets-5 is updated to (Leader:0,ISR:0,LeaderEpoch:1,ControllerEpoch:2) (kafka.controller.PartitionStateMachine)
[2018-03-11 22:12:37,746] DEBUG [OfflinePartitionLeaderSelector]: Some broker in ISR is alive for __consumer_offsets-12. Select 0 from ISR 0 to be the leader. (kafka.controller.OfflinePartitionLeaderSelector)
[2018-03-11 22:12:37,747] INFO [OfflinePartitionLeaderSelector]: Selected new leader and ISR {"leader":0,"leader_epoch":1,"isr":[0]} for offline partition __consumer_offsets-12 (kafka.controller.OfflinePartitionLeaderSelector)
[2018-03-11 22:12:37,756] DEBUG [PartitionStateMachine controllerId=0] After leader election, leader cache for __consumer_offsets-12 is updated to (Leader:0,ISR:0,LeaderEpoch:1,ControllerEpoch:2) (kafka.controller.PartitionStateMachine)
[2018-03-11 22:12:37,757] DEBUG [OfflinePartitionLeaderSelector]: Some broker in ISR is alive for __consumer_offsets-8. Select 0 from ISR 0 to be the leader. (kafka.controller.OfflinePartitionLeaderSelector)
[2018-03-11 22:12:37,757] INFO [OfflinePartitionLeaderSelector]: Selected new leader and ISR {"leader":0,"leader_epoch":1,"isr":[0]} for offline partition __consumer_offsets-8 (kafka.controller.OfflinePartitionLeaderSelector)
[2018-03-11 22:12:37,768] DEBUG [PartitionStateMachine controllerId=0] After leader election, leader cache for __consumer_offsets-8 is updated to (Leader:0,ISR:0,LeaderEpoch:1,ControllerEpoch:2) (kafka.controller.PartitionStateMachine)
[2018-03-11 22:12:37,768] DEBUG [OfflinePartitionLeaderSelector]: Some broker in ISR is alive for __consumer_offsets-23. Select 0 from ISR 0 to be the leader. (kafka.controller.OfflinePartitionLeaderSelector)
[2018-03-11 22:12:37,768] INFO [OfflinePartitionLeaderSelector]: Selected new leader and ISR {"leader":0,"leader_epoch":1,"isr":[0]} for offline partition __consumer_offsets-23 (kafka.controller.OfflinePartitionLeaderSelector)
[2018-03-11 22:12:37,772] DEBUG [PartitionStateMachine controllerId=0] After leader election, leader cache for __consumer_offsets-23 is updated to (Leader:0,ISR:0,LeaderEpoch:1,ControllerEpoch:2) (kafka.controller.PartitionStateMachine)
[2018-03-11 22:12:37,773] DEBUG [OfflinePartitionLeaderSelector]: Some broker in ISR is alive for __consumer_offsets-15. Select 0 from ISR 0 to be the leader. (kafka.controller.OfflinePartitionLeaderSelector)
[2018-03-11 22:12:37,773] INFO [OfflinePartitionLeaderSelector]: Selected new leader and ISR {"leader":0,"leader_epoch":1,"isr":[0]} for offline partition __consumer_offsets-15 (kafka.controller.OfflinePartitionLeaderSelector)
[2018-03-11 22:12:37,777] DEBUG [PartitionStateMachine controllerId=0] After leader election, leader cache for __consumer_offsets-15 is updated to (Leader:0,ISR:0,LeaderEpoch:1,ControllerEpoch:2) (kafka.controller.PartitionStateMachine)
[2018-03-11 22:12:37,777] DEBUG [OfflinePartitionLeaderSelector]: Some broker in ISR is alive for __consumer_offsets-48. Select 0 from ISR 0 to be the leader. (kafka.controller.OfflinePartitionLeaderSelector)
[2018-03-11 22:12:37,777] INFO [OfflinePartitionLeaderSelector]: Selected new leader and ISR {"leader":0,"leader_epoch":1,"isr":[0]} for offline partition __consumer_offsets-48 (kafka.controller.OfflinePartitionLeaderSelector)
[2018-03-11 22:12:37,780] DEBUG [PartitionStateMachine controllerId=0] After leader election, leader cache for __consumer_offsets-48 is updated to (Leader:0,ISR:0,LeaderEpoch:1,ControllerEpoch:2) (kafka.controller.PartitionStateMachine)
[2018-03-11 22:12:37,781] DEBUG [OfflinePartitionLeaderSelector]: Some broker in ISR is alive for __consumer_offsets-11. Select 0 from ISR 0 to be the leader. (kafka.controller.OfflinePartitionLeaderSelector)
[2018-03-11 22:12:37,781] INFO [OfflinePartitionLeaderSelector]: Selected new leader and ISR {"leader":0,"leader_epoch":1,"isr":[0]} for offline partition __consumer_offsets-11 (kafka.controller.OfflinePartitionLeaderSelector)
[2018-03-11 22:12:37,785] DEBUG [PartitionStateMachine controllerId=0] After leader election, leader cache for __consumer_offsets-11 is updated to (Leader:0,ISR:0,LeaderEpoch:1,ControllerEpoch:2) (kafka.controller.PartitionStateMachine)
[2018-03-11 22:12:37,786] DEBUG [OfflinePartitionLeaderSelector]: Some broker in ISR is alive for __consumer_offsets-13. Select 0 from ISR 0 to be the leader. (kafka.controller.OfflinePartitionLeaderSelector)
[2018-03-11 22:12:37,786] INFO [OfflinePartitionLeaderSelector]: Selected new leader and ISR {"leader":0,"leader_epoch":1,"isr":[0]} for offline partition __consumer_offsets-13 (kafka.controller.OfflinePartitionLeaderSelector)
[2018-03-11 22:12:37,789] DEBUG [PartitionStateMachine controllerId=0] After leader election, leader cache for __consumer_offsets-13 is updated to (Leader:0,ISR:0,LeaderEpoch:1,ControllerEpoch:2) (kafka.controller.PartitionStateMachine)
[2018-03-11 22:12:37,789] DEBUG [OfflinePartitionLeaderSelector]: Some broker in ISR is alive for __consumer_offsets-49. Select 0 from ISR 0 to be the leader. (kafka.controller.OfflinePartitionLeaderSelector)
[2018-03-11 22:12:37,789] INFO [OfflinePartitionLeaderSelector]: Selected new leader and ISR {"leader":0,"leader_epoch":1,"isr":[0]} for offline partition __consumer_offsets-49 (kafka.controller.OfflinePartitionLeaderSelector)
[2018-03-11 22:12:37,795] DEBUG [PartitionStateMachine controllerId=0] After leader election, leader cache for __consumer_offsets-49 is updated to (Leader:0,ISR:0,LeaderEpoch:1,ControllerEpoch:2) (kafka.controller.PartitionStateMachine)
[2018-03-11 22:12:37,795] DEBUG [OfflinePartitionLeaderSelector]: Some broker in ISR is alive for __consumer_offsets-6. Select 0 from ISR 0 to be the leader. (kafka.controller.OfflinePartitionLeaderSelector)
[2018-03-11 22:12:37,795] INFO [OfflinePartitionLeaderSelector]: Selected new leader and ISR {"leader":0,"leader_epoch":1,"isr":[0]} for offline partition __consumer_offsets-6 (kafka.controller.OfflinePartitionLeaderSelector)
[2018-03-11 22:12:37,804] DEBUG [PartitionStateMachine controllerId=0] After leader election, leader cache for __consumer_offsets-6 is updated to (Leader:0,ISR:0,LeaderEpoch:1,ControllerEpoch:2) (kafka.controller.PartitionStateMachine)
[2018-03-11 22:12:37,804] DEBUG [OfflinePartitionLeaderSelector]: Some broker in ISR is alive for __consumer_offsets-28. Select 0 from ISR 0 to be the leader. (kafka.controller.OfflinePartitionLeaderSelector)
[2018-03-11 22:12:37,804] INFO [OfflinePartitionLeaderSelector]: Selected new leader and ISR {"leader":0,"leader_epoch":1,"isr":[0]} for offline partition __consumer_offsets-28 (kafka.controller.OfflinePartitionLeaderSelector)
[2018-03-11 22:12:37,807] DEBUG [PartitionStateMachine controllerId=0] After leader election, leader cache for __consumer_offsets-28 is updated to (Leader:0,ISR:0,LeaderEpoch:1,ControllerEpoch:2) (kafka.controller.PartitionStateMachine)
[2018-03-11 22:12:37,808] DEBUG [OfflinePartitionLeaderSelector]: Some broker in ISR is alive for __consumer_offsets-4. Select 0 from ISR 0 to be the leader. (kafka.controller.OfflinePartitionLeaderSelector)
[2018-03-11 22:12:37,808] INFO [OfflinePartitionLeaderSelector]: Selected new leader and ISR {"leader":0,"leader_epoch":1,"isr":[0]} for offline partition __consumer_offsets-4 (kafka.controller.OfflinePartitionLeaderSelector)
[2018-03-11 22:12:37,811] DEBUG [PartitionStateMachine controllerId=0] After leader election, leader cache for __consumer_offsets-4 is updated to (Leader:0,ISR:0,LeaderEpoch:1,ControllerEpoch:2) (kafka.controller.PartitionStateMachine)
[2018-03-11 22:12:37,812] DEBUG [OfflinePartitionLeaderSelector]: Some broker in ISR is alive for __consumer_offsets-37. Select 0 from ISR 0 to be the leader. (kafka.controller.OfflinePartitionLeaderSelector)
[2018-03-11 22:12:37,812] INFO [OfflinePartitionLeaderSelector]: Selected new leader and ISR {"leader":0,"leader_epoch":1,"isr":[0]} for offline partition __consumer_offsets-37 (kafka.controller.OfflinePartitionLeaderSelector)
[2018-03-11 22:12:37,815] DEBUG [PartitionStateMachine controllerId=0] After leader election, leader cache for __consumer_offsets-37 is updated to (Leader:0,ISR:0,LeaderEpoch:1,ControllerEpoch:2) (kafka.controller.PartitionStateMachine)
[2018-03-11 22:12:37,816] DEBUG [OfflinePartitionLeaderSelector]: Some broker in ISR is alive for __consumer_offsets-31. Select 0 from ISR 0 to be the leader. (kafka.controller.OfflinePartitionLeaderSelector)
[2018-03-11 22:12:37,816] INFO [OfflinePartitionLeaderSelector]: Selected new leader and ISR {"leader":0,"leader_epoch":1,"isr":[0]} for offline partition __consumer_offsets-31 (kafka.controller.OfflinePartitionLeaderSelector)
[2018-03-11 22:12:37,832] DEBUG [PartitionStateMachine controllerId=0] After leader election, leader cache for __consumer_offsets-31 is updated to (Leader:0,ISR:0,LeaderEpoch:1,ControllerEpoch:2) (kafka.controller.PartitionStateMachine)
[2018-03-11 22:12:37,833] DEBUG [OfflinePartitionLeaderSelector]: Some broker in ISR is alive for __consumer_offsets-44. Select 0 from ISR 0 to be the leader. (kafka.controller.OfflinePartitionLeaderSelector)
[2018-03-11 22:12:37,833] INFO [OfflinePartitionLeaderSelector]: Selected new leader and ISR {"leader":0,"leader_epoch":1,"isr":[0]} for offline partition __consumer_offsets-44 (kafka.controller.OfflinePartitionLeaderSelector)
[2018-03-11 22:12:37,836] DEBUG [PartitionStateMachine controllerId=0] After leader election, leader cache for __consumer_offsets-44 is updated to (Leader:0,ISR:0,LeaderEpoch:1,ControllerEpoch:2) (kafka.controller.PartitionStateMachine)
[2018-03-11 22:12:37,837] DEBUG [OfflinePartitionLeaderSelector]: Some broker in ISR is alive for __consumer_offsets-42. Select 0 from ISR 0 to be the leader. (kafka.controller.OfflinePartitionLeaderSelector)
[2018-03-11 22:12:37,837] INFO [OfflinePartitionLeaderSelector]: Selected new leader and ISR {"leader":0,"leader_epoch":1,"isr":[0]} for offline partition __consumer_offsets-42 (kafka.controller.OfflinePartitionLeaderSelector)
[2018-03-11 22:12:37,839] DEBUG [PartitionStateMachine controllerId=0] After leader election, leader cache for __consumer_offsets-42 is updated to (Leader:0,ISR:0,LeaderEpoch:1,ControllerEpoch:2) (kafka.controller.PartitionStateMachine)
[2018-03-11 22:12:37,840] DEBUG [OfflinePartitionLeaderSelector]: Some broker in ISR is alive for __consumer_offsets-34. Select 0 from ISR 0 to be the leader. (kafka.controller.OfflinePartitionLeaderSelector)
[2018-03-11 22:12:37,840] INFO [OfflinePartitionLeaderSelector]: Selected new leader and ISR {"leader":0,"leader_epoch":1,"isr":[0]} for offline partition __consumer_offsets-34 (kafka.controller.OfflinePartitionLeaderSelector)
[2018-03-11 22:12:37,847] DEBUG [PartitionStateMachine controllerId=0] After leader election, leader cache for __consumer_offsets-34 is updated to (Leader:0,ISR:0,LeaderEpoch:1,ControllerEpoch:2) (kafka.controller.PartitionStateMachine)
[2018-03-11 22:12:37,847] DEBUG [OfflinePartitionLeaderSelector]: Some broker in ISR is alive for __consumer_offsets-46. Select 0 from ISR 0 to be the leader. (kafka.controller.OfflinePartitionLeaderSelector)
[2018-03-11 22:12:37,847] INFO [OfflinePartitionLeaderSelector]: Selected new leader and ISR {"leader":0,"leader_epoch":1,"isr":[0]} for offline partition __consumer_offsets-46 (kafka.controller.OfflinePartitionLeaderSelector)
[2018-03-11 22:12:37,850] DEBUG [PartitionStateMachine controllerId=0] After leader election, leader cache for __consumer_offsets-46 is updated to (Leader:0,ISR:0,LeaderEpoch:1,ControllerEpoch:2) (kafka.controller.PartitionStateMachine)
[2018-03-11 22:12:37,851] DEBUG [OfflinePartitionLeaderSelector]: Some broker in ISR is alive for __consumer_offsets-25. Select 0 from ISR 0 to be the leader. (kafka.controller.OfflinePartitionLeaderSelector)
[2018-03-11 22:12:37,851] INFO [OfflinePartitionLeaderSelector]: Selected new leader and ISR {"leader":0,"leader_epoch":1,"isr":[0]} for offline partition __consumer_offsets-25 (kafka.controller.OfflinePartitionLeaderSelector)
[2018-03-11 22:12:37,855] DEBUG [PartitionStateMachine controllerId=0] After leader election, leader cache for __consumer_offsets-25 is updated to (Leader:0,ISR:0,LeaderEpoch:1,ControllerEpoch:2) (kafka.controller.PartitionStateMachine)
[2018-03-11 22:12:37,855] DEBUG [OfflinePartitionLeaderSelector]: Some broker in ISR is alive for __consumer_offsets-45. Select 0 from ISR 0 to be the leader. (kafka.controller.OfflinePartitionLeaderSelector)
[2018-03-11 22:12:37,855] INFO [OfflinePartitionLeaderSelector]: Selected new leader and ISR {"leader":0,"leader_epoch":1,"isr":[0]} for offline partition __consumer_offsets-45 (kafka.controller.OfflinePartitionLeaderSelector)
[2018-03-11 22:12:37,860] DEBUG [PartitionStateMachine controllerId=0] After leader election, leader cache for __consumer_offsets-45 is updated to (Leader:0,ISR:0,LeaderEpoch:1,ControllerEpoch:2) (kafka.controller.PartitionStateMachine)
[2018-03-11 22:12:37,861] DEBUG [OfflinePartitionLeaderSelector]: Some broker in ISR is alive for __consumer_offsets-27. Select 0 from ISR 0 to be the leader. (kafka.controller.OfflinePartitionLeaderSelector)
[2018-03-11 22:12:37,861] INFO [OfflinePartitionLeaderSelector]: Selected new leader and ISR {"leader":0,"leader_epoch":1,"isr":[0]} for offline partition __consumer_offsets-27 (kafka.controller.OfflinePartitionLeaderSelector)
[2018-03-11 22:12:37,885] DEBUG [PartitionStateMachine controllerId=0] After leader election, leader cache for __consumer_offsets-27 is updated to (Leader:0,ISR:0,LeaderEpoch:1,ControllerEpoch:2) (kafka.controller.PartitionStateMachine)
[2018-03-11 22:12:37,890] DEBUG [OfflinePartitionLeaderSelector]: Some broker in ISR is alive for __consumer_offsets-32. Select 0 from ISR 0 to be the leader. (kafka.controller.OfflinePartitionLeaderSelector)
[2018-03-11 22:12:37,890] INFO [OfflinePartitionLeaderSelector]: Selected new leader and ISR {"leader":0,"leader_epoch":1,"isr":[0]} for offline partition __consumer_offsets-32 (kafka.controller.OfflinePartitionLeaderSelector)
[2018-03-11 22:12:37,892] DEBUG [PartitionStateMachine controllerId=0] After leader election, leader cache for __consumer_offsets-32 is updated to (Leader:0,ISR:0,LeaderEpoch:1,ControllerEpoch:2) (kafka.controller.PartitionStateMachine)
[2018-03-11 22:12:37,894] DEBUG [OfflinePartitionLeaderSelector]: Some broker in ISR is alive for __consumer_offsets-43. Select 0 from ISR 0 to be the leader. (kafka.controller.OfflinePartitionLeaderSelector)
[2018-03-11 22:12:37,894] INFO [OfflinePartitionLeaderSelector]: Selected new leader and ISR {"leader":0,"leader_epoch":1,"isr":[0]} for offline partition __consumer_offsets-43 (kafka.controller.OfflinePartitionLeaderSelector)
[2018-03-11 22:12:37,898] DEBUG [PartitionStateMachine controllerId=0] After leader election, leader cache for __consumer_offsets-43 is updated to (Leader:0,ISR:0,LeaderEpoch:1,ControllerEpoch:2) (kafka.controller.PartitionStateMachine)
[2018-03-11 22:12:37,899] DEBUG [OfflinePartitionLeaderSelector]: Some broker in ISR is alive for __consumer_offsets-36. Select 0 from ISR 0 to be the leader. (kafka.controller.OfflinePartitionLeaderSelector)
[2018-03-11 22:12:37,899] INFO [OfflinePartitionLeaderSelector]: Selected new leader and ISR {"leader":0,"leader_epoch":1,"isr":[0]} for offline partition __consumer_offsets-36 (kafka.controller.OfflinePartitionLeaderSelector)
[2018-03-11 22:12:37,901] DEBUG [PartitionStateMachine controllerId=0] After leader election, leader cache for __consumer_offsets-36 is updated to (Leader:0,ISR:0,LeaderEpoch:1,ControllerEpoch:2) (kafka.controller.PartitionStateMachine)
[2018-03-11 22:12:37,906] DEBUG [OfflinePartitionLeaderSelector]: Some broker in ISR is alive for __consumer_offsets-35. Select 0 from ISR 0 to be the leader. (kafka.controller.OfflinePartitionLeaderSelector)
[2018-03-11 22:12:37,906] INFO [OfflinePartitionLeaderSelector]: Selected new leader and ISR {"leader":0,"leader_epoch":1,"isr":[0]} for offline partition __consumer_offsets-35 (kafka.controller.OfflinePartitionLeaderSelector)
[2018-03-11 22:12:37,909] DEBUG [PartitionStateMachine controllerId=0] After leader election, leader cache for __consumer_offsets-35 is updated to (Leader:0,ISR:0,LeaderEpoch:1,ControllerEpoch:2) (kafka.controller.PartitionStateMachine)
[2018-03-11 22:12:37,910] DEBUG [OfflinePartitionLeaderSelector]: Some broker in ISR is alive for __consumer_offsets-7. Select 0 from ISR 0 to be the leader. (kafka.controller.OfflinePartitionLeaderSelector)
[2018-03-11 22:12:37,910] INFO [OfflinePartitionLeaderSelector]: Selected new leader and ISR {"leader":0,"leader_epoch":1,"isr":[0]} for offline partition __consumer_offsets-7 (kafka.controller.OfflinePartitionLeaderSelector)
[2018-03-11 22:12:37,912] DEBUG [PartitionStateMachine controllerId=0] After leader election, leader cache for __consumer_offsets-7 is updated to (Leader:0,ISR:0,LeaderEpoch:1,ControllerEpoch:2) (kafka.controller.PartitionStateMachine)
[2018-03-11 22:12:37,913] DEBUG [OfflinePartitionLeaderSelector]: Some broker in ISR is alive for __consumer_offsets-9. Select 0 from ISR 0 to be the leader. (kafka.controller.OfflinePartitionLeaderSelector)
[2018-03-11 22:12:37,913] INFO [OfflinePartitionLeaderSelector]: Selected new leader and ISR {"leader":0,"leader_epoch":1,"isr":[0]} for offline partition __consumer_offsets-9 (kafka.controller.OfflinePartitionLeaderSelector)
[2018-03-11 22:12:37,923] DEBUG [PartitionStateMachine controllerId=0] After leader election, leader cache for __consumer_offsets-9 is updated to (Leader:0,ISR:0,LeaderEpoch:1,ControllerEpoch:2) (kafka.controller.PartitionStateMachine)
[2018-03-11 22:12:37,924] DEBUG [OfflinePartitionLeaderSelector]: Some broker in ISR is alive for __consumer_offsets-38. Select 0 from ISR 0 to be the leader. (kafka.controller.OfflinePartitionLeaderSelector)
[2018-03-11 22:12:37,924] INFO [OfflinePartitionLeaderSelector]: Selected new leader and ISR {"leader":0,"leader_epoch":1,"isr":[0]} for offline partition __consumer_offsets-38 (kafka.controller.OfflinePartitionLeaderSelector)
[2018-03-11 22:12:37,927] DEBUG [PartitionStateMachine controllerId=0] After leader election, leader cache for __consumer_offsets-38 is updated to (Leader:0,ISR:0,LeaderEpoch:1,ControllerEpoch:2) (kafka.controller.PartitionStateMachine)
[2018-03-11 22:12:37,928] DEBUG [OfflinePartitionLeaderSelector]: Some broker in ISR is alive for __consumer_offsets-1. Select 0 from ISR 0 to be the leader. (kafka.controller.OfflinePartitionLeaderSelector)
[2018-03-11 22:12:37,928] INFO [OfflinePartitionLeaderSelector]: Selected new leader and ISR {"leader":0,"leader_epoch":1,"isr":[0]} for offline partition __consumer_offsets-1 (kafka.controller.OfflinePartitionLeaderSelector)
[2018-03-11 22:12:37,931] DEBUG [PartitionStateMachine controllerId=0] After leader election, leader cache for __consumer_offsets-1 is updated to (Leader:0,ISR:0,LeaderEpoch:1,ControllerEpoch:2) (kafka.controller.PartitionStateMachine)
[2018-03-11 22:12:37,931] DEBUG [OfflinePartitionLeaderSelector]: Some broker in ISR is alive for __consumer_offsets-2. Select 0 from ISR 0 to be the leader. (kafka.controller.OfflinePartitionLeaderSelector)
[2018-03-11 22:12:37,931] INFO [OfflinePartitionLeaderSelector]: Selected new leader and ISR {"leader":0,"leader_epoch":1,"isr":[0]} for offline partition __consumer_offsets-2 (kafka.controller.OfflinePartitionLeaderSelector)
[2018-03-11 22:12:37,934] DEBUG [PartitionStateMachine controllerId=0] After leader election, leader cache for __consumer_offsets-2 is updated to (Leader:0,ISR:0,LeaderEpoch:1,ControllerEpoch:2) (kafka.controller.PartitionStateMachine)
[2018-03-11 22:12:37,934] DEBUG [OfflinePartitionLeaderSelector]: Some broker in ISR is alive for __consumer_offsets-16. Select 0 from ISR 0 to be the leader. (kafka.controller.OfflinePartitionLeaderSelector)
[2018-03-11 22:12:37,934] INFO [OfflinePartitionLeaderSelector]: Selected new leader and ISR {"leader":0,"leader_epoch":1,"isr":[0]} for offline partition __consumer_offsets-16 (kafka.controller.OfflinePartitionLeaderSelector)
[2018-03-11 22:12:37,939] DEBUG [PartitionStateMachine controllerId=0] After leader election, leader cache for __consumer_offsets-16 is updated to (Leader:0,ISR:0,LeaderEpoch:1,ControllerEpoch:2) (kafka.controller.PartitionStateMachine)
[2018-03-11 22:12:42,204] TRACE [Controller id=0] Checking need to trigger auto leader balancing (kafka.controller.KafkaController)
[2018-03-11 22:12:42,207] DEBUG [Controller id=0] Preferred replicas by broker Map(0 -> Map(__consumer_offsets-19 -> Vector(0), __consumer_offsets-30 -> Vector(0), __consumer_offsets-47 -> Vector(0), __consumer_offsets-29 -> Vector(0), __consumer_offsets-41 -> Vector(0), __consumer_offsets-39 -> Vector(0), __consumer_offsets-10 -> Vector(0), __consumer_offsets-17 -> Vector(0), __consumer_offsets-14 -> Vector(0), __consumer_offsets-40 -> Vector(0), __consumer_offsets-18 -> Vector(0), __consumer_offsets-26 -> Vector(0), __consumer_offsets-0 -> Vector(0), __consumer_offsets-24 -> Vector(0), __consumer_offsets-33 -> Vector(0), myTopic-0 -> Vector(0), __consumer_offsets-20 -> Vector(0), __consumer_offsets-21 -> Vector(0), __consumer_offsets-3 -> Vector(0), __consumer_offsets-22 -> Vector(0), __consumer_offsets-5 -> Vector(0), __consumer_offsets-12 -> Vector(0), __consumer_offsets-8 -> Vector(0), __consumer_offsets-23 -> Vector(0), __consumer_offsets-15 -> Vector(0), __consumer_offsets-48 -> Vector(0), __consumer_offsets-11 -> Vector(0), __consumer_offsets-13 -> Vector(0), __consumer_offsets-49 -> Vector(0), __consumer_offsets-6 -> Vector(0), __consumer_offsets-28 -> Vector(0), __consumer_offsets-4 -> Vector(0), __consumer_offsets-37 -> Vector(0), __consumer_offsets-31 -> Vector(0), __consumer_offsets-44 -> Vector(0), __consumer_offsets-42 -> Vector(0), __consumer_offsets-34 -> Vector(0), __consumer_offsets-46 -> Vector(0), __consumer_offsets-25 -> Vector(0), __consumer_offsets-45 -> Vector(0), __consumer_offsets-27 -> Vector(0), __consumer_offsets-32 -> Vector(0), __consumer_offsets-43 -> Vector(0), __consumer_offsets-36 -> Vector(0), __consumer_offsets-35 -> Vector(0), __consumer_offsets-7 -> Vector(0), __consumer_offsets-9 -> Vector(0), __consumer_offsets-38 -> Vector(0), __consumer_offsets-1 -> Vector(0), __consumer_offsets-2 -> Vector(0), __consumer_offsets-16 -> Vector(0))) (kafka.controller.KafkaController)
[2018-03-11 22:12:42,209] DEBUG [Controller id=0] Topics not in preferred replica Map() (kafka.controller.KafkaController)
[2018-03-11 22:12:42,225] TRACE [Controller id=0] Leader imbalance ratio for broker 0 is 0.0 (kafka.controller.KafkaController)
[2018-03-11 22:16:33,614] INFO [Controller id=0] Shutting down broker 0 (kafka.controller.KafkaController)
[2018-03-11 22:16:33,615] DEBUG [Controller id=0] All shutting down brokers: 0 (kafka.controller.KafkaController)
[2018-03-11 22:16:33,615] DEBUG [Controller id=0] Live brokers:  (kafka.controller.KafkaController)
[2018-03-11 22:16:33,619] TRACE [Controller id=0] All leaders = __consumer_offsets-19 -> (Leader:0,ISR:0,LeaderEpoch:1,ControllerEpoch:2),__consumer_offsets-30 -> (Leader:0,ISR:0,LeaderEpoch:1,ControllerEpoch:2),__consumer_offsets-47 -> (Leader:0,ISR:0,LeaderEpoch:1,ControllerEpoch:2),__consumer_offsets-29 -> (Leader:0,ISR:0,LeaderEpoch:1,ControllerEpoch:2),__consumer_offsets-41 -> (Leader:0,ISR:0,LeaderEpoch:1,ControllerEpoch:2),__consumer_offsets-39 -> (Leader:0,ISR:0,LeaderEpoch:1,ControllerEpoch:2),__consumer_offsets-10 -> (Leader:0,ISR:0,LeaderEpoch:1,ControllerEpoch:2),__consumer_offsets-17 -> (Leader:0,ISR:0,LeaderEpoch:1,ControllerEpoch:2),__consumer_offsets-14 -> (Leader:0,ISR:0,LeaderEpoch:1,ControllerEpoch:2),__consumer_offsets-40 -> (Leader:0,ISR:0,LeaderEpoch:1,ControllerEpoch:2),__consumer_offsets-18 -> (Leader:0,ISR:0,LeaderEpoch:1,ControllerEpoch:2),__consumer_offsets-26 -> (Leader:0,ISR:0,LeaderEpoch:1,ControllerEpoch:2),__consumer_offsets-0 -> (Leader:0,ISR:0,LeaderEpoch:1,ControllerEpoch:2),__consumer_offsets-24 -> (Leader:0,ISR:0,LeaderEpoch:1,ControllerEpoch:2),__consumer_offsets-33 -> (Leader:0,ISR:0,LeaderEpoch:1,ControllerEpoch:2),myTopic-0 -> (Leader:0,ISR:0,LeaderEpoch:1,ControllerEpoch:2),__consumer_offsets-20 -> (Leader:0,ISR:0,LeaderEpoch:1,ControllerEpoch:2),__consumer_offsets-3 -> (Leader:0,ISR:0,LeaderEpoch:1,ControllerEpoch:2),__consumer_offsets-21 -> (Leader:0,ISR:0,LeaderEpoch:1,ControllerEpoch:2),__consumer_offsets-5 -> (Leader:0,ISR:0,LeaderEpoch:1,ControllerEpoch:2),__consumer_offsets-22 -> (Leader:0,ISR:0,LeaderEpoch:1,ControllerEpoch:2),__consumer_offsets-12 -> (Leader:0,ISR:0,LeaderEpoch:1,ControllerEpoch:2),__consumer_offsets-8 -> (Leader:0,ISR:0,LeaderEpoch:1,ControllerEpoch:2),__consumer_offsets-23 -> (Leader:0,ISR:0,LeaderEpoch:1,ControllerEpoch:2),__consumer_offsets-15 -> (Leader:0,ISR:0,LeaderEpoch:1,ControllerEpoch:2),__consumer_offsets-48 -> (Leader:0,ISR:0,LeaderEpoch:1,ControllerEpoch:2),__consumer_offsets-11 -> (Leader:0,ISR:0,LeaderEpoch:1,ControllerEpoch:2),__consumer_offsets-13 -> (Leader:0,ISR:0,LeaderEpoch:1,ControllerEpoch:2),__consumer_offsets-49 -> (Leader:0,ISR:0,LeaderEpoch:1,ControllerEpoch:2),__consumer_offsets-6 -> (Leader:0,ISR:0,LeaderEpoch:1,ControllerEpoch:2),__consumer_offsets-28 -> (Leader:0,ISR:0,LeaderEpoch:1,ControllerEpoch:2),__consumer_offsets-4 -> (Leader:0,ISR:0,LeaderEpoch:1,ControllerEpoch:2),__consumer_offsets-37 -> (Leader:0,ISR:0,LeaderEpoch:1,ControllerEpoch:2),__consumer_offsets-31 -> (Leader:0,ISR:0,LeaderEpoch:1,ControllerEpoch:2),__consumer_offsets-44 -> (Leader:0,ISR:0,LeaderEpoch:1,ControllerEpoch:2),__consumer_offsets-42 -> (Leader:0,ISR:0,LeaderEpoch:1,ControllerEpoch:2),__consumer_offsets-34 -> (Leader:0,ISR:0,LeaderEpoch:1,ControllerEpoch:2),__consumer_offsets-46 -> (Leader:0,ISR:0,LeaderEpoch:1,ControllerEpoch:2),__consumer_offsets-25 -> (Leader:0,ISR:0,LeaderEpoch:1,ControllerEpoch:2),__consumer_offsets-45 -> (Leader:0,ISR:0,LeaderEpoch:1,ControllerEpoch:2),__consumer_offsets-27 -> (Leader:0,ISR:0,LeaderEpoch:1,ControllerEpoch:2),__consumer_offsets-32 -> (Leader:0,ISR:0,LeaderEpoch:1,ControllerEpoch:2),__consumer_offsets-43 -> (Leader:0,ISR:0,LeaderEpoch:1,ControllerEpoch:2),__consumer_offsets-36 -> (Leader:0,ISR:0,LeaderEpoch:1,ControllerEpoch:2),__consumer_offsets-35 -> (Leader:0,ISR:0,LeaderEpoch:1,ControllerEpoch:2),__consumer_offsets-7 -> (Leader:0,ISR:0,LeaderEpoch:1,ControllerEpoch:2),__consumer_offsets-9 -> (Leader:0,ISR:0,LeaderEpoch:1,ControllerEpoch:2),__consumer_offsets-38 -> (Leader:0,ISR:0,LeaderEpoch:1,ControllerEpoch:2),__consumer_offsets-1 -> (Leader:0,ISR:0,LeaderEpoch:1,ControllerEpoch:2),__consumer_offsets-16 -> (Leader:0,ISR:0,LeaderEpoch:1,ControllerEpoch:2),__consumer_offsets-2 -> (Leader:0,ISR:0,LeaderEpoch:1,ControllerEpoch:2) (kafka.controller.KafkaController)
[2018-03-11 22:16:37,430] INFO [controller-event-thread]: Shutting down (kafka.controller.ControllerEventManager$ControllerEventThread)
[2018-03-11 22:16:37,434] INFO [controller-event-thread]: Stopped (kafka.controller.ControllerEventManager$ControllerEventThread)
[2018-03-11 22:16:37,435] INFO [controller-event-thread]: Shutdown completed (kafka.controller.ControllerEventManager$ControllerEventThread)
[2018-03-11 22:16:37,435] DEBUG [Controller id=0] Resigning (kafka.controller.KafkaController)
[2018-03-11 22:16:37,435] DEBUG [Controller id=0] De-registering IsrChangeNotificationListener (kafka.controller.KafkaController)
[2018-03-11 22:16:37,436] DEBUG [Controller id=0] De-registering logDirEventNotificationListener (kafka.controller.KafkaController)
[2018-03-11 22:16:37,437] INFO [PartitionStateMachine controllerId=0] Stopped partition state machine (kafka.controller.PartitionStateMachine)
[2018-03-11 22:16:37,439] INFO [ReplicaStateMachine controllerId=0] Stopped replica state machine (kafka.controller.ReplicaStateMachine)
[2018-03-11 22:16:37,443] INFO [Controller-0-to-broker-0-send-thread]: Shutting down (kafka.controller.RequestSendThread)
[2018-03-11 22:16:37,443] INFO [Controller-0-to-broker-0-send-thread]: Stopped (kafka.controller.RequestSendThread)
[2018-03-11 22:16:37,443] INFO [Controller-0-to-broker-0-send-thread]: Shutdown completed (kafka.controller.RequestSendThread)
[2018-03-11 22:16:37,445] INFO [Controller id=0] Resigned (kafka.controller.KafkaController)
