[2018-03-11 22:11:57,880] INFO Reading configuration from: config/zookeeper.properties (org.apache.zookeeper.server.quorum.QuorumPeerConfig)
[2018-03-11 22:11:57,890] INFO autopurge.snapRetainCount set to 3 (org.apache.zookeeper.server.DatadirCleanupManager)
[2018-03-11 22:11:57,890] INFO autopurge.purgeInterval set to 0 (org.apache.zookeeper.server.DatadirCleanupManager)
[2018-03-11 22:11:57,890] INFO Purge task is not scheduled. (org.apache.zookeeper.server.DatadirCleanupManager)
[2018-03-11 22:11:57,890] WARN Either no config or no quorum defined in config, running  in standalone mode (org.apache.zookeeper.server.quorum.QuorumPeerMain)
[2018-03-11 22:11:57,918] INFO Reading configuration from: config/zookeeper.properties (org.apache.zookeeper.server.quorum.QuorumPeerConfig)
[2018-03-11 22:11:57,918] INFO Starting server (org.apache.zookeeper.server.ZooKeeperServerMain)
[2018-03-11 22:11:57,935] INFO Server environment:zookeeper.version=3.4.10-39d3a4f269333c922ed3db283be479f9deacaa0f, built on 03/23/2017 10:13 GMT (org.apache.zookeeper.server.ZooKeeperServer)
[2018-03-11 22:11:57,935] INFO Server environment:host.name=iz2ze0j0y539btlds8qvnez (org.apache.zookeeper.server.ZooKeeperServer)
[2018-03-11 22:11:57,935] INFO Server environment:java.version=1.8.0_161 (org.apache.zookeeper.server.ZooKeeperServer)
[2018-03-11 22:11:57,935] INFO Server environment:java.vendor=Oracle Corporation (org.apache.zookeeper.server.ZooKeeperServer)
[2018-03-11 22:11:57,935] INFO Server environment:java.home=/usr/local/java/jdk1.8.0/jre (org.apache.zookeeper.server.ZooKeeperServer)
[2018-03-11 22:11:57,935] INFO Server environment:java.class.path=.:/usr/local/java/jdk1.8.0/lib/dt.jar:/usr/local/java/jdk1.8.0/lib/tools.jar:/root/kafka_2.12-1.0.0/bin/../libs/aopalliance-repackaged-2.5.0-b32.jar:/root/kafka_2.12-1.0.0/bin/../libs/argparse4j-0.7.0.jar:/root/kafka_2.12-1.0.0/bin/../libs/commons-lang3-3.5.jar:/root/kafka_2.12-1.0.0/bin/../libs/connect-api-1.0.0.jar:/root/kafka_2.12-1.0.0/bin/../libs/connect-file-1.0.0.jar:/root/kafka_2.12-1.0.0/bin/../libs/connect-json-1.0.0.jar:/root/kafka_2.12-1.0.0/bin/../libs/connect-runtime-1.0.0.jar:/root/kafka_2.12-1.0.0/bin/../libs/connect-transforms-1.0.0.jar:/root/kafka_2.12-1.0.0/bin/../libs/guava-20.0.jar:/root/kafka_2.12-1.0.0/bin/../libs/hk2-api-2.5.0-b32.jar:/root/kafka_2.12-1.0.0/bin/../libs/hk2-locator-2.5.0-b32.jar:/root/kafka_2.12-1.0.0/bin/../libs/hk2-utils-2.5.0-b32.jar:/root/kafka_2.12-1.0.0/bin/../libs/jackson-annotations-2.9.1.jar:/root/kafka_2.12-1.0.0/bin/../libs/jackson-core-2.9.1.jar:/root/kafka_2.12-1.0.0/bin/../libs/jackson-databind-2.9.1.jar:/root/kafka_2.12-1.0.0/bin/../libs/jackson-jaxrs-base-2.9.1.jar:/root/kafka_2.12-1.0.0/bin/../libs/jackson-jaxrs-json-provider-2.9.1.jar:/root/kafka_2.12-1.0.0/bin/../libs/jackson-module-jaxb-annotations-2.9.1.jar:/root/kafka_2.12-1.0.0/bin/../libs/javassist-3.20.0-GA.jar:/root/kafka_2.12-1.0.0/bin/../libs/javassist-3.21.0-GA.jar:/root/kafka_2.12-1.0.0/bin/../libs/javax.annotation-api-1.2.jar:/root/kafka_2.12-1.0.0/bin/../libs/javax.inject-1.jar:/root/kafka_2.12-1.0.0/bin/../libs/javax.inject-2.5.0-b32.jar:/root/kafka_2.12-1.0.0/bin/../libs/javax.servlet-api-3.1.0.jar:/root/kafka_2.12-1.0.0/bin/../libs/javax.ws.rs-api-2.0.1.jar:/root/kafka_2.12-1.0.0/bin/../libs/jersey-client-2.25.1.jar:/root/kafka_2.12-1.0.0/bin/../libs/jersey-common-2.25.1.jar:/root/kafka_2.12-1.0.0/bin/../libs/jersey-container-servlet-2.25.1.jar:/root/kafka_2.12-1.0.0/bin/../libs/jersey-container-servlet-core-2.25.1.jar:/root/kafka_2.12-1.0.0/bin/../libs/jersey-guava-2.25.1.jar:/root/kafka_2.12-1.0.0/bin/../libs/jersey-media-jaxb-2.25.1.jar:/root/kafka_2.12-1.0.0/bin/../libs/jersey-server-2.25.1.jar:/root/kafka_2.12-1.0.0/bin/../libs/jetty-continuation-9.2.22.v20170606.jar:/root/kafka_2.12-1.0.0/bin/../libs/jetty-http-9.2.22.v20170606.jar:/root/kafka_2.12-1.0.0/bin/../libs/jetty-io-9.2.22.v20170606.jar:/root/kafka_2.12-1.0.0/bin/../libs/jetty-security-9.2.22.v20170606.jar:/root/kafka_2.12-1.0.0/bin/../libs/jetty-server-9.2.22.v20170606.jar:/root/kafka_2.12-1.0.0/bin/../libs/jetty-servlet-9.2.22.v20170606.jar:/root/kafka_2.12-1.0.0/bin/../libs/jetty-servlets-9.2.22.v20170606.jar:/root/kafka_2.12-1.0.0/bin/../libs/jetty-util-9.2.22.v20170606.jar:/root/kafka_2.12-1.0.0/bin/../libs/jopt-simple-5.0.4.jar:/root/kafka_2.12-1.0.0/bin/../libs/kafka_2.12-1.0.0.jar:/root/kafka_2.12-1.0.0/bin/../libs/kafka_2.12-1.0.0-sources.jar:/root/kafka_2.12-1.0.0/bin/../libs/kafka_2.12-1.0.0-test-sources.jar:/root/kafka_2.12-1.0.0/bin/../libs/kafka-clients-1.0.0.jar:/root/kafka_2.12-1.0.0/bin/../libs/kafka-log4j-appender-1.0.0.jar:/root/kafka_2.12-1.0.0/bin/../libs/kafka-streams-1.0.0.jar:/root/kafka_2.12-1.0.0/bin/../libs/kafka-streams-examples-1.0.0.jar:/root/kafka_2.12-1.0.0/bin/../libs/kafka-tools-1.0.0.jar:/root/kafka_2.12-1.0.0/bin/../libs/log4j-1.2.17.jar:/root/kafka_2.12-1.0.0/bin/../libs/lz4-java-1.4.jar:/root/kafka_2.12-1.0.0/bin/../libs/maven-artifact-3.5.0.jar:/root/kafka_2.12-1.0.0/bin/../libs/metrics-core-2.2.0.jar:/root/kafka_2.12-1.0.0/bin/../libs/osgi-resource-locator-1.0.1.jar:/root/kafka_2.12-1.0.0/bin/../libs/plexus-utils-3.0.24.jar:/root/kafka_2.12-1.0.0/bin/../libs/reflections-0.9.11.jar:/root/kafka_2.12-1.0.0/bin/../libs/rocksdbjni-5.7.3.jar:/root/kafka_2.12-1.0.0/bin/../libs/scala-library-2.12.3.jar:/root/kafka_2.12-1.0.0/bin/../libs/slf4j-api-1.7.25.jar:/root/kafka_2.12-1.0.0/bin/../libs/slf4j-log4j12-1.7.25.jar:/root/kafka_2.12-1.0.0/bin/../libs/snappy-java-1.1.4.jar:/root/kafka_2.12-1.0.0/bin/../libs/validation-api-1.1.0.Final.jar:/root/kafka_2.12-1.0.0/bin/../libs/zkclient-0.10.jar:/root/kafka_2.12-1.0.0/bin/../libs/zookeeper-3.4.10.jar (org.apache.zookeeper.server.ZooKeeperServer)
[2018-03-11 22:11:57,936] INFO Server environment:java.library.path=/usr/java/packages/lib/amd64:/usr/lib64:/lib64:/lib:/usr/lib (org.apache.zookeeper.server.ZooKeeperServer)
[2018-03-11 22:11:57,936] INFO Server environment:java.io.tmpdir=/tmp (org.apache.zookeeper.server.ZooKeeperServer)
[2018-03-11 22:11:57,936] INFO Server environment:java.compiler=<NA> (org.apache.zookeeper.server.ZooKeeperServer)
[2018-03-11 22:11:57,936] INFO Server environment:os.name=Linux (org.apache.zookeeper.server.ZooKeeperServer)
[2018-03-11 22:11:57,936] INFO Server environment:os.arch=amd64 (org.apache.zookeeper.server.ZooKeeperServer)
[2018-03-11 22:11:57,936] INFO Server environment:os.version=3.10.0-514.26.2.el7.x86_64 (org.apache.zookeeper.server.ZooKeeperServer)
[2018-03-11 22:11:57,936] INFO Server environment:user.name=root (org.apache.zookeeper.server.ZooKeeperServer)
[2018-03-11 22:11:57,936] INFO Server environment:user.home=/root (org.apache.zookeeper.server.ZooKeeperServer)
[2018-03-11 22:11:57,936] INFO Server environment:user.dir=/root/kafka_2.12-1.0.0 (org.apache.zookeeper.server.ZooKeeperServer)
[2018-03-11 22:11:57,945] INFO tickTime set to 3000 (org.apache.zookeeper.server.ZooKeeperServer)
[2018-03-11 22:11:57,945] INFO minSessionTimeout set to -1 (org.apache.zookeeper.server.ZooKeeperServer)
[2018-03-11 22:11:57,945] INFO maxSessionTimeout set to -1 (org.apache.zookeeper.server.ZooKeeperServer)
[2018-03-11 22:11:57,955] INFO binding to port 0.0.0.0/0.0.0.0:2181 (org.apache.zookeeper.server.NIOServerCnxnFactory)
[2018-03-11 22:12:33,632] INFO KafkaConfig values: 
	advertised.host.name = 47.94.210.233
	advertised.listeners = null
	advertised.port = null
	alter.config.policy.class.name = null
	authorizer.class.name = 
	auto.create.topics.enable = true
	auto.leader.rebalance.enable = true
	background.threads = 10
	broker.id = 0
	broker.id.generation.enable = true
	broker.rack = null
	compression.type = producer
	connections.max.idle.ms = 600000
	controlled.shutdown.enable = true
	controlled.shutdown.max.retries = 3
	controlled.shutdown.retry.backoff.ms = 5000
	controller.socket.timeout.ms = 30000
	create.topic.policy.class.name = null
	default.replication.factor = 1
	delete.records.purgatory.purge.interval.requests = 1
	delete.topic.enable = true
	fetch.purgatory.purge.interval.requests = 1000
	group.initial.rebalance.delay.ms = 0
	group.max.session.timeout.ms = 300000
	group.min.session.timeout.ms = 6000
	host.name = 
	inter.broker.listener.name = null
	inter.broker.protocol.version = 1.0-IV0
	leader.imbalance.check.interval.seconds = 300
	leader.imbalance.per.broker.percentage = 10
	listener.security.protocol.map = PLAINTEXT:PLAINTEXT,SSL:SSL,SASL_PLAINTEXT:SASL_PLAINTEXT,SASL_SSL:SASL_SSL
	listeners = null
	log.cleaner.backoff.ms = 15000
	log.cleaner.dedupe.buffer.size = 134217728
	log.cleaner.delete.retention.ms = 86400000
	log.cleaner.enable = true
	log.cleaner.io.buffer.load.factor = 0.9
	log.cleaner.io.buffer.size = 524288
	log.cleaner.io.max.bytes.per.second = 1.7976931348623157E308
	log.cleaner.min.cleanable.ratio = 0.5
	log.cleaner.min.compaction.lag.ms = 0
	log.cleaner.threads = 1
	log.cleanup.policy = [delete]
	log.dir = /tmp/kafka-logs
	log.dirs = /tmp/kafka-logs
	log.flush.interval.messages = 9223372036854775807
	log.flush.interval.ms = null
	log.flush.offset.checkpoint.interval.ms = 60000
	log.flush.scheduler.interval.ms = 9223372036854775807
	log.flush.start.offset.checkpoint.interval.ms = 60000
	log.index.interval.bytes = 4096
	log.index.size.max.bytes = 10485760
	log.message.format.version = 1.0-IV0
	log.message.timestamp.difference.max.ms = 9223372036854775807
	log.message.timestamp.type = CreateTime
	log.preallocate = false
	log.retention.bytes = -1
	log.retention.check.interval.ms = 300000
	log.retention.hours = 168
	log.retention.minutes = null
	log.retention.ms = null
	log.roll.hours = 168
	log.roll.jitter.hours = 0
	log.roll.jitter.ms = null
	log.roll.ms = null
	log.segment.bytes = 1073741824
	log.segment.delete.delay.ms = 60000
	max.connections.per.ip = 2147483647
	max.connections.per.ip.overrides = 
	message.max.bytes = 1000012
	metric.reporters = []
	metrics.num.samples = 2
	metrics.recording.level = INFO
	metrics.sample.window.ms = 30000
	min.insync.replicas = 1
	num.io.threads = 8
	num.network.threads = 3
	num.partitions = 1
	num.recovery.threads.per.data.dir = 1
	num.replica.fetchers = 1
	offset.metadata.max.bytes = 4096
	offsets.commit.required.acks = -1
	offsets.commit.timeout.ms = 5000
	offsets.load.buffer.size = 5242880
	offsets.retention.check.interval.ms = 600000
	offsets.retention.minutes = 1440
	offsets.topic.compression.codec = 0
	offsets.topic.num.partitions = 50
	offsets.topic.replication.factor = 1
	offsets.topic.segment.bytes = 104857600
	port = 9092
	principal.builder.class = null
	producer.purgatory.purge.interval.requests = 1000
	queued.max.request.bytes = -1
	queued.max.requests = 500
	quota.consumer.default = 9223372036854775807
	quota.producer.default = 9223372036854775807
	quota.window.num = 11
	quota.window.size.seconds = 1
	replica.fetch.backoff.ms = 1000
	replica.fetch.max.bytes = 1048576
	replica.fetch.min.bytes = 1
	replica.fetch.response.max.bytes = 10485760
	replica.fetch.wait.max.ms = 500
	replica.high.watermark.checkpoint.interval.ms = 5000
	replica.lag.time.max.ms = 10000
	replica.socket.receive.buffer.bytes = 65536
	replica.socket.timeout.ms = 30000
	replication.quota.window.num = 11
	replication.quota.window.size.seconds = 1
	request.timeout.ms = 30000
	reserved.broker.max.id = 1000
	sasl.enabled.mechanisms = [GSSAPI]
	sasl.kerberos.kinit.cmd = /usr/bin/kinit
	sasl.kerberos.min.time.before.relogin = 60000
	sasl.kerberos.principal.to.local.rules = [DEFAULT]
	sasl.kerberos.service.name = null
	sasl.kerberos.ticket.renew.jitter = 0.05
	sasl.kerberos.ticket.renew.window.factor = 0.8
	sasl.mechanism.inter.broker.protocol = GSSAPI
	security.inter.broker.protocol = PLAINTEXT
	socket.receive.buffer.bytes = 102400
	socket.request.max.bytes = 104857600
	socket.send.buffer.bytes = 102400
	ssl.cipher.suites = null
	ssl.client.auth = none
	ssl.enabled.protocols = [TLSv1.2, TLSv1.1, TLSv1]
	ssl.endpoint.identification.algorithm = null
	ssl.key.password = null
	ssl.keymanager.algorithm = SunX509
	ssl.keystore.location = null
	ssl.keystore.password = null
	ssl.keystore.type = JKS
	ssl.protocol = TLS
	ssl.provider = null
	ssl.secure.random.implementation = null
	ssl.trustmanager.algorithm = PKIX
	ssl.truststore.location = null
	ssl.truststore.password = null
	ssl.truststore.type = JKS
	transaction.abort.timed.out.transaction.cleanup.interval.ms = 60000
	transaction.max.timeout.ms = 900000
	transaction.remove.expired.transaction.cleanup.interval.ms = 3600000
	transaction.state.log.load.buffer.size = 5242880
	transaction.state.log.min.isr = 1
	transaction.state.log.num.partitions = 50
	transaction.state.log.replication.factor = 1
	transaction.state.log.segment.bytes = 104857600
	transactional.id.expiration.ms = 604800000
	unclean.leader.election.enable = false
	zookeeper.connect = localhost:2181
	zookeeper.connection.timeout.ms = 6000
	zookeeper.session.timeout.ms = 6000
	zookeeper.set.acl = false
	zookeeper.sync.time.ms = 2000
 (kafka.server.KafkaConfig)
[2018-03-11 22:12:33,821] INFO starting (kafka.server.KafkaServer)
[2018-03-11 22:12:33,825] INFO Connecting to zookeeper on localhost:2181 (kafka.server.KafkaServer)
[2018-03-11 22:12:33,866] INFO Starting ZkClient event thread. (org.I0Itec.zkclient.ZkEventThread)
[2018-03-11 22:12:33,900] INFO Client environment:zookeeper.version=3.4.10-39d3a4f269333c922ed3db283be479f9deacaa0f, built on 03/23/2017 10:13 GMT (org.apache.zookeeper.ZooKeeper)
[2018-03-11 22:12:33,900] INFO Client environment:host.name=iz2ze0j0y539btlds8qvnez (org.apache.zookeeper.ZooKeeper)
[2018-03-11 22:12:33,900] INFO Client environment:java.version=1.8.0_161 (org.apache.zookeeper.ZooKeeper)
[2018-03-11 22:12:33,900] INFO Client environment:java.vendor=Oracle Corporation (org.apache.zookeeper.ZooKeeper)
[2018-03-11 22:12:33,900] INFO Client environment:java.home=/usr/local/java/jdk1.8.0/jre (org.apache.zookeeper.ZooKeeper)
[2018-03-11 22:12:33,900] INFO Client environment:java.class.path=.:/usr/local/java/jdk1.8.0/lib/dt.jar:/usr/local/java/jdk1.8.0/lib/tools.jar:/root/kafka_2.12-1.0.0/bin/../libs/aopalliance-repackaged-2.5.0-b32.jar:/root/kafka_2.12-1.0.0/bin/../libs/argparse4j-0.7.0.jar:/root/kafka_2.12-1.0.0/bin/../libs/commons-lang3-3.5.jar:/root/kafka_2.12-1.0.0/bin/../libs/connect-api-1.0.0.jar:/root/kafka_2.12-1.0.0/bin/../libs/connect-file-1.0.0.jar:/root/kafka_2.12-1.0.0/bin/../libs/connect-json-1.0.0.jar:/root/kafka_2.12-1.0.0/bin/../libs/connect-runtime-1.0.0.jar:/root/kafka_2.12-1.0.0/bin/../libs/connect-transforms-1.0.0.jar:/root/kafka_2.12-1.0.0/bin/../libs/guava-20.0.jar:/root/kafka_2.12-1.0.0/bin/../libs/hk2-api-2.5.0-b32.jar:/root/kafka_2.12-1.0.0/bin/../libs/hk2-locator-2.5.0-b32.jar:/root/kafka_2.12-1.0.0/bin/../libs/hk2-utils-2.5.0-b32.jar:/root/kafka_2.12-1.0.0/bin/../libs/jackson-annotations-2.9.1.jar:/root/kafka_2.12-1.0.0/bin/../libs/jackson-core-2.9.1.jar:/root/kafka_2.12-1.0.0/bin/../libs/jackson-databind-2.9.1.jar:/root/kafka_2.12-1.0.0/bin/../libs/jackson-jaxrs-base-2.9.1.jar:/root/kafka_2.12-1.0.0/bin/../libs/jackson-jaxrs-json-provider-2.9.1.jar:/root/kafka_2.12-1.0.0/bin/../libs/jackson-module-jaxb-annotations-2.9.1.jar:/root/kafka_2.12-1.0.0/bin/../libs/javassist-3.20.0-GA.jar:/root/kafka_2.12-1.0.0/bin/../libs/javassist-3.21.0-GA.jar:/root/kafka_2.12-1.0.0/bin/../libs/javax.annotation-api-1.2.jar:/root/kafka_2.12-1.0.0/bin/../libs/javax.inject-1.jar:/root/kafka_2.12-1.0.0/bin/../libs/javax.inject-2.5.0-b32.jar:/root/kafka_2.12-1.0.0/bin/../libs/javax.servlet-api-3.1.0.jar:/root/kafka_2.12-1.0.0/bin/../libs/javax.ws.rs-api-2.0.1.jar:/root/kafka_2.12-1.0.0/bin/../libs/jersey-client-2.25.1.jar:/root/kafka_2.12-1.0.0/bin/../libs/jersey-common-2.25.1.jar:/root/kafka_2.12-1.0.0/bin/../libs/jersey-container-servlet-2.25.1.jar:/root/kafka_2.12-1.0.0/bin/../libs/jersey-container-servlet-core-2.25.1.jar:/root/kafka_2.12-1.0.0/bin/../libs/jersey-guava-2.25.1.jar:/root/kafka_2.12-1.0.0/bin/../libs/jersey-media-jaxb-2.25.1.jar:/root/kafka_2.12-1.0.0/bin/../libs/jersey-server-2.25.1.jar:/root/kafka_2.12-1.0.0/bin/../libs/jetty-continuation-9.2.22.v20170606.jar:/root/kafka_2.12-1.0.0/bin/../libs/jetty-http-9.2.22.v20170606.jar:/root/kafka_2.12-1.0.0/bin/../libs/jetty-io-9.2.22.v20170606.jar:/root/kafka_2.12-1.0.0/bin/../libs/jetty-security-9.2.22.v20170606.jar:/root/kafka_2.12-1.0.0/bin/../libs/jetty-server-9.2.22.v20170606.jar:/root/kafka_2.12-1.0.0/bin/../libs/jetty-servlet-9.2.22.v20170606.jar:/root/kafka_2.12-1.0.0/bin/../libs/jetty-servlets-9.2.22.v20170606.jar:/root/kafka_2.12-1.0.0/bin/../libs/jetty-util-9.2.22.v20170606.jar:/root/kafka_2.12-1.0.0/bin/../libs/jopt-simple-5.0.4.jar:/root/kafka_2.12-1.0.0/bin/../libs/kafka_2.12-1.0.0.jar:/root/kafka_2.12-1.0.0/bin/../libs/kafka_2.12-1.0.0-sources.jar:/root/kafka_2.12-1.0.0/bin/../libs/kafka_2.12-1.0.0-test-sources.jar:/root/kafka_2.12-1.0.0/bin/../libs/kafka-clients-1.0.0.jar:/root/kafka_2.12-1.0.0/bin/../libs/kafka-log4j-appender-1.0.0.jar:/root/kafka_2.12-1.0.0/bin/../libs/kafka-streams-1.0.0.jar:/root/kafka_2.12-1.0.0/bin/../libs/kafka-streams-examples-1.0.0.jar:/root/kafka_2.12-1.0.0/bin/../libs/kafka-tools-1.0.0.jar:/root/kafka_2.12-1.0.0/bin/../libs/log4j-1.2.17.jar:/root/kafka_2.12-1.0.0/bin/../libs/lz4-java-1.4.jar:/root/kafka_2.12-1.0.0/bin/../libs/maven-artifact-3.5.0.jar:/root/kafka_2.12-1.0.0/bin/../libs/metrics-core-2.2.0.jar:/root/kafka_2.12-1.0.0/bin/../libs/osgi-resource-locator-1.0.1.jar:/root/kafka_2.12-1.0.0/bin/../libs/plexus-utils-3.0.24.jar:/root/kafka_2.12-1.0.0/bin/../libs/reflections-0.9.11.jar:/root/kafka_2.12-1.0.0/bin/../libs/rocksdbjni-5.7.3.jar:/root/kafka_2.12-1.0.0/bin/../libs/scala-library-2.12.3.jar:/root/kafka_2.12-1.0.0/bin/../libs/slf4j-api-1.7.25.jar:/root/kafka_2.12-1.0.0/bin/../libs/slf4j-log4j12-1.7.25.jar:/root/kafka_2.12-1.0.0/bin/../libs/snappy-java-1.1.4.jar:/root/kafka_2.12-1.0.0/bin/../libs/validation-api-1.1.0.Final.jar:/root/kafka_2.12-1.0.0/bin/../libs/zkclient-0.10.jar:/root/kafka_2.12-1.0.0/bin/../libs/zookeeper-3.4.10.jar (org.apache.zookeeper.ZooKeeper)
[2018-03-11 22:12:33,901] INFO Client environment:java.library.path=/usr/java/packages/lib/amd64:/usr/lib64:/lib64:/lib:/usr/lib (org.apache.zookeeper.ZooKeeper)
[2018-03-11 22:12:33,901] INFO Client environment:java.io.tmpdir=/tmp (org.apache.zookeeper.ZooKeeper)
[2018-03-11 22:12:33,901] INFO Client environment:java.compiler=<NA> (org.apache.zookeeper.ZooKeeper)
[2018-03-11 22:12:33,901] INFO Client environment:os.name=Linux (org.apache.zookeeper.ZooKeeper)
[2018-03-11 22:12:33,901] INFO Client environment:os.arch=amd64 (org.apache.zookeeper.ZooKeeper)
[2018-03-11 22:12:33,901] INFO Client environment:os.version=3.10.0-514.26.2.el7.x86_64 (org.apache.zookeeper.ZooKeeper)
[2018-03-11 22:12:33,901] INFO Client environment:user.name=root (org.apache.zookeeper.ZooKeeper)
[2018-03-11 22:12:33,901] INFO Client environment:user.home=/root (org.apache.zookeeper.ZooKeeper)
[2018-03-11 22:12:33,901] INFO Client environment:user.dir=/root/kafka_2.12-1.0.0 (org.apache.zookeeper.ZooKeeper)
[2018-03-11 22:12:33,903] INFO Initiating client connection, connectString=localhost:2181 sessionTimeout=6000 watcher=org.I0Itec.zkclient.ZkClient@3c22fc4c (org.apache.zookeeper.ZooKeeper)
[2018-03-11 22:12:33,923] INFO Opening socket connection to server localhost/127.0.0.1:2181. Will not attempt to authenticate using SASL (unknown error) (org.apache.zookeeper.ClientCnxn)
[2018-03-11 22:12:33,928] INFO Socket connection established to localhost/127.0.0.1:2181, initiating session (org.apache.zookeeper.ClientCnxn)
[2018-03-11 22:12:33,932] INFO Accepted socket connection from /127.0.0.1:37034 (org.apache.zookeeper.server.NIOServerCnxnFactory)
[2018-03-11 22:12:33,941] INFO Waiting for keeper state SyncConnected (org.I0Itec.zkclient.ZkClient)
[2018-03-11 22:12:33,945] INFO Client attempting to establish new session at /127.0.0.1:37034 (org.apache.zookeeper.server.ZooKeeperServer)
[2018-03-11 22:12:33,946] INFO Creating new log file: log.d7 (org.apache.zookeeper.server.persistence.FileTxnLog)
[2018-03-11 22:12:33,956] INFO Established session 0x16215675bde0000 with negotiated timeout 6000 for client /127.0.0.1:37034 (org.apache.zookeeper.server.ZooKeeperServer)
[2018-03-11 22:12:33,958] INFO Session establishment complete on server localhost/127.0.0.1:2181, sessionid = 0x16215675bde0000, negotiated timeout = 6000 (org.apache.zookeeper.ClientCnxn)
[2018-03-11 22:12:33,962] INFO zookeeper state changed (SyncConnected) (org.I0Itec.zkclient.ZkClient)
[2018-03-11 22:12:34,274] INFO Cluster ID = EJte5xcvQ22We3xyC4nRQg (kafka.server.KafkaServer)
[2018-03-11 22:12:34,348] INFO [ThrottledRequestReaper-Fetch]: Starting (kafka.server.ClientQuotaManager$ThrottledRequestReaper)
[2018-03-11 22:12:34,350] INFO [ThrottledRequestReaper-Produce]: Starting (kafka.server.ClientQuotaManager$ThrottledRequestReaper)
[2018-03-11 22:12:34,354] INFO [ThrottledRequestReaper-Request]: Starting (kafka.server.ClientQuotaManager$ThrottledRequestReaper)
[2018-03-11 22:12:34,485] INFO Loading logs. (kafka.log.LogManager)
[2018-03-11 22:12:34,651] INFO Loading producer state from offset 18 for partition myTopic-0 with message format version 2 (kafka.log.Log)
[2018-03-11 22:12:34,682] INFO Loading producer state from snapshot file '/tmp/kafka-logs/myTopic-0/00000000000000000018.snapshot' for partition myTopic-0 (kafka.log.ProducerStateManager)
[2018-03-11 22:12:34,718] INFO Completed load of log myTopic-0 with 1 log segments, log start offset 0 and log end offset 18 in 159 ms (kafka.log.Log)
[2018-03-11 22:12:34,746] INFO Loading producer state from offset 0 for partition __consumer_offsets-44 with message format version 2 (kafka.log.Log)
[2018-03-11 22:12:34,757] INFO Completed load of log __consumer_offsets-44 with 1 log segments, log start offset 0 and log end offset 0 in 14 ms (kafka.log.Log)
[2018-03-11 22:12:34,768] INFO Loading producer state from offset 0 for partition __consumer_offsets-48 with message format version 2 (kafka.log.Log)
[2018-03-11 22:12:34,769] INFO Completed load of log __consumer_offsets-48 with 1 log segments, log start offset 0 and log end offset 0 in 2 ms (kafka.log.Log)
[2018-03-11 22:12:34,777] INFO Loading producer state from offset 0 for partition __consumer_offsets-39 with message format version 2 (kafka.log.Log)
[2018-03-11 22:12:34,778] INFO Completed load of log __consumer_offsets-39 with 1 log segments, log start offset 0 and log end offset 0 in 3 ms (kafka.log.Log)
[2018-03-11 22:12:34,787] INFO Loading producer state from offset 0 for partition __consumer_offsets-38 with message format version 2 (kafka.log.Log)
[2018-03-11 22:12:34,788] INFO Completed load of log __consumer_offsets-38 with 1 log segments, log start offset 0 and log end offset 0 in 2 ms (kafka.log.Log)
[2018-03-11 22:12:34,796] INFO Loading producer state from offset 0 for partition __consumer_offsets-32 with message format version 2 (kafka.log.Log)
[2018-03-11 22:12:34,796] INFO Completed load of log __consumer_offsets-32 with 1 log segments, log start offset 0 and log end offset 0 in 2 ms (kafka.log.Log)
[2018-03-11 22:12:34,806] INFO Loading producer state from offset 0 for partition __consumer_offsets-13 with message format version 2 (kafka.log.Log)
[2018-03-11 22:12:34,806] INFO Completed load of log __consumer_offsets-13 with 1 log segments, log start offset 0 and log end offset 0 in 1 ms (kafka.log.Log)
[2018-03-11 22:12:34,821] INFO Loading producer state from offset 0 for partition __consumer_offsets-46 with message format version 2 (kafka.log.Log)
[2018-03-11 22:12:34,822] INFO Completed load of log __consumer_offsets-46 with 1 log segments, log start offset 0 and log end offset 0 in 2 ms (kafka.log.Log)
[2018-03-11 22:12:34,832] INFO Loading producer state from offset 0 for partition __consumer_offsets-23 with message format version 2 (kafka.log.Log)
[2018-03-11 22:12:34,832] INFO Completed load of log __consumer_offsets-23 with 1 log segments, log start offset 0 and log end offset 0 in 1 ms (kafka.log.Log)
[2018-03-11 22:12:34,843] INFO Loading producer state from offset 16 for partition __consumer_offsets-24 with message format version 2 (kafka.log.Log)
[2018-03-11 22:12:34,844] INFO Loading producer state from snapshot file '/tmp/kafka-logs/__consumer_offsets-24/00000000000000000016.snapshot' for partition __consumer_offsets-24 (kafka.log.ProducerStateManager)
[2018-03-11 22:12:34,844] INFO Completed load of log __consumer_offsets-24 with 1 log segments, log start offset 0 and log end offset 16 in 3 ms (kafka.log.Log)
[2018-03-11 22:12:34,851] INFO Loading producer state from offset 0 for partition __consumer_offsets-19 with message format version 2 (kafka.log.Log)
[2018-03-11 22:12:34,852] INFO Completed load of log __consumer_offsets-19 with 1 log segments, log start offset 0 and log end offset 0 in 2 ms (kafka.log.Log)
[2018-03-11 22:12:34,860] INFO Loading producer state from offset 0 for partition __consumer_offsets-3 with message format version 2 (kafka.log.Log)
[2018-03-11 22:12:34,861] INFO Completed load of log __consumer_offsets-3 with 1 log segments, log start offset 0 and log end offset 0 in 1 ms (kafka.log.Log)
[2018-03-11 22:12:34,870] INFO Loading producer state from offset 0 for partition __consumer_offsets-42 with message format version 2 (kafka.log.Log)
[2018-03-11 22:12:34,870] INFO Completed load of log __consumer_offsets-42 with 1 log segments, log start offset 0 and log end offset 0 in 3 ms (kafka.log.Log)
[2018-03-11 22:12:34,877] INFO Loading producer state from offset 0 for partition __consumer_offsets-45 with message format version 2 (kafka.log.Log)
[2018-03-11 22:12:34,877] INFO Completed load of log __consumer_offsets-45 with 1 log segments, log start offset 0 and log end offset 0 in 1 ms (kafka.log.Log)
[2018-03-11 22:12:34,885] INFO Loading producer state from offset 0 for partition __consumer_offsets-26 with message format version 2 (kafka.log.Log)
[2018-03-11 22:12:34,885] INFO Completed load of log __consumer_offsets-26 with 1 log segments, log start offset 0 and log end offset 0 in 1 ms (kafka.log.Log)
[2018-03-11 22:12:34,902] INFO Loading producer state from offset 3 for partition __consumer_offsets-12 with message format version 2 (kafka.log.Log)
[2018-03-11 22:12:34,903] INFO Loading producer state from snapshot file '/tmp/kafka-logs/__consumer_offsets-12/00000000000000000003.snapshot' for partition __consumer_offsets-12 (kafka.log.ProducerStateManager)
[2018-03-11 22:12:34,903] INFO Completed load of log __consumer_offsets-12 with 1 log segments, log start offset 0 and log end offset 3 in 13 ms (kafka.log.Log)
[2018-03-11 22:12:34,912] INFO Loading producer state from offset 0 for partition __consumer_offsets-29 with message format version 2 (kafka.log.Log)
[2018-03-11 22:12:34,912] INFO Completed load of log __consumer_offsets-29 with 1 log segments, log start offset 0 and log end offset 0 in 1 ms (kafka.log.Log)
[2018-03-11 22:12:34,917] INFO Loading producer state from offset 0 for partition __consumer_offsets-17 with message format version 2 (kafka.log.Log)
[2018-03-11 22:12:34,918] INFO Completed load of log __consumer_offsets-17 with 1 log segments, log start offset 0 and log end offset 0 in 2 ms (kafka.log.Log)
[2018-03-11 22:12:34,925] INFO Loading producer state from offset 0 for partition __consumer_offsets-22 with message format version 2 (kafka.log.Log)
[2018-03-11 22:12:34,925] INFO Completed load of log __consumer_offsets-22 with 1 log segments, log start offset 0 and log end offset 0 in 2 ms (kafka.log.Log)
[2018-03-11 22:12:34,934] INFO Loading producer state from offset 0 for partition __consumer_offsets-2 with message format version 2 (kafka.log.Log)
[2018-03-11 22:12:34,934] INFO Completed load of log __consumer_offsets-2 with 1 log segments, log start offset 0 and log end offset 0 in 2 ms (kafka.log.Log)
[2018-03-11 22:12:34,941] INFO Loading producer state from offset 0 for partition __consumer_offsets-28 with message format version 2 (kafka.log.Log)
[2018-03-11 22:12:34,949] INFO Completed load of log __consumer_offsets-28 with 1 log segments, log start offset 0 and log end offset 0 in 10 ms (kafka.log.Log)
[2018-03-11 22:12:34,964] INFO Loading producer state from offset 0 for partition __consumer_offsets-37 with message format version 2 (kafka.log.Log)
[2018-03-11 22:12:34,964] INFO Completed load of log __consumer_offsets-37 with 1 log segments, log start offset 0 and log end offset 0 in 12 ms (kafka.log.Log)
[2018-03-11 22:12:34,970] INFO Loading producer state from offset 0 for partition __consumer_offsets-31 with message format version 2 (kafka.log.Log)
[2018-03-11 22:12:34,971] INFO Completed load of log __consumer_offsets-31 with 1 log segments, log start offset 0 and log end offset 0 in 2 ms (kafka.log.Log)
[2018-03-11 22:12:34,988] INFO Loading producer state from offset 0 for partition __consumer_offsets-5 with message format version 2 (kafka.log.Log)
[2018-03-11 22:12:34,988] INFO Completed load of log __consumer_offsets-5 with 1 log segments, log start offset 0 and log end offset 0 in 2 ms (kafka.log.Log)
[2018-03-11 22:12:34,994] INFO Loading producer state from offset 0 for partition __consumer_offsets-47 with message format version 2 (kafka.log.Log)
[2018-03-11 22:12:34,994] INFO Completed load of log __consumer_offsets-47 with 1 log segments, log start offset 0 and log end offset 0 in 1 ms (kafka.log.Log)
[2018-03-11 22:12:35,017] INFO Loading producer state from offset 0 for partition __consumer_offsets-20 with message format version 2 (kafka.log.Log)
[2018-03-11 22:12:35,017] INFO Completed load of log __consumer_offsets-20 with 1 log segments, log start offset 0 and log end offset 0 in 1 ms (kafka.log.Log)
[2018-03-11 22:12:35,027] INFO Loading producer state from offset 0 for partition __consumer_offsets-25 with message format version 2 (kafka.log.Log)
[2018-03-11 22:12:35,033] INFO Completed load of log __consumer_offsets-25 with 1 log segments, log start offset 0 and log end offset 0 in 8 ms (kafka.log.Log)
[2018-03-11 22:12:35,037] INFO Loading producer state from offset 0 for partition __consumer_offsets-16 with message format version 2 (kafka.log.Log)
[2018-03-11 22:12:35,037] INFO Completed load of log __consumer_offsets-16 with 1 log segments, log start offset 0 and log end offset 0 in 2 ms (kafka.log.Log)
[2018-03-11 22:12:35,043] INFO Loading producer state from offset 0 for partition __consumer_offsets-35 with message format version 2 (kafka.log.Log)
[2018-03-11 22:12:35,044] INFO Completed load of log __consumer_offsets-35 with 1 log segments, log start offset 0 and log end offset 0 in 4 ms (kafka.log.Log)
[2018-03-11 22:12:35,064] INFO Loading producer state from offset 0 for partition __consumer_offsets-49 with message format version 2 (kafka.log.Log)
[2018-03-11 22:12:35,064] INFO Completed load of log __consumer_offsets-49 with 1 log segments, log start offset 0 and log end offset 0 in 17 ms (kafka.log.Log)
[2018-03-11 22:12:35,071] INFO Loading producer state from offset 0 for partition __consumer_offsets-30 with message format version 2 (kafka.log.Log)
[2018-03-11 22:12:35,071] INFO Completed load of log __consumer_offsets-30 with 1 log segments, log start offset 0 and log end offset 0 in 1 ms (kafka.log.Log)
[2018-03-11 22:12:35,081] INFO Loading producer state from offset 0 for partition __consumer_offsets-1 with message format version 2 (kafka.log.Log)
[2018-03-11 22:12:35,081] INFO Completed load of log __consumer_offsets-1 with 1 log segments, log start offset 0 and log end offset 0 in 3 ms (kafka.log.Log)
[2018-03-11 22:12:35,093] INFO Loading producer state from offset 0 for partition __consumer_offsets-27 with message format version 2 (kafka.log.Log)
[2018-03-11 22:12:35,094] INFO Completed load of log __consumer_offsets-27 with 1 log segments, log start offset 0 and log end offset 0 in 2 ms (kafka.log.Log)
[2018-03-11 22:12:35,100] INFO Loading producer state from offset 0 for partition __consumer_offsets-36 with message format version 2 (kafka.log.Log)
[2018-03-11 22:12:35,100] INFO Completed load of log __consumer_offsets-36 with 1 log segments, log start offset 0 and log end offset 0 in 2 ms (kafka.log.Log)
[2018-03-11 22:12:35,106] INFO Loading producer state from offset 0 for partition __consumer_offsets-43 with message format version 2 (kafka.log.Log)
[2018-03-11 22:12:35,107] INFO Completed load of log __consumer_offsets-43 with 1 log segments, log start offset 0 and log end offset 0 in 2 ms (kafka.log.Log)
[2018-03-11 22:12:35,114] INFO Loading producer state from offset 0 for partition __consumer_offsets-4 with message format version 2 (kafka.log.Log)
[2018-03-11 22:12:35,114] INFO Completed load of log __consumer_offsets-4 with 1 log segments, log start offset 0 and log end offset 0 in 1 ms (kafka.log.Log)
[2018-03-11 22:12:35,133] INFO Loading producer state from offset 0 for partition __consumer_offsets-18 with message format version 2 (kafka.log.Log)
[2018-03-11 22:12:35,133] INFO Completed load of log __consumer_offsets-18 with 1 log segments, log start offset 0 and log end offset 0 in 1 ms (kafka.log.Log)
[2018-03-11 22:12:35,139] INFO Loading producer state from offset 0 for partition __consumer_offsets-6 with message format version 2 (kafka.log.Log)
[2018-03-11 22:12:35,140] INFO Completed load of log __consumer_offsets-6 with 1 log segments, log start offset 0 and log end offset 0 in 1 ms (kafka.log.Log)
[2018-03-11 22:12:35,146] INFO Loading producer state from offset 0 for partition __consumer_offsets-10 with message format version 2 (kafka.log.Log)
[2018-03-11 22:12:35,147] INFO Completed load of log __consumer_offsets-10 with 1 log segments, log start offset 0 and log end offset 0 in 2 ms (kafka.log.Log)
[2018-03-11 22:12:35,153] INFO Loading producer state from offset 0 for partition __consumer_offsets-11 with message format version 2 (kafka.log.Log)
[2018-03-11 22:12:35,153] INFO Completed load of log __consumer_offsets-11 with 1 log segments, log start offset 0 and log end offset 0 in 1 ms (kafka.log.Log)
[2018-03-11 22:12:35,158] INFO Loading producer state from offset 0 for partition __consumer_offsets-7 with message format version 2 (kafka.log.Log)
[2018-03-11 22:12:35,159] INFO Completed load of log __consumer_offsets-7 with 1 log segments, log start offset 0 and log end offset 0 in 2 ms (kafka.log.Log)
[2018-03-11 22:12:35,168] INFO Loading producer state from offset 0 for partition __consumer_offsets-34 with message format version 2 (kafka.log.Log)
[2018-03-11 22:12:35,169] INFO Completed load of log __consumer_offsets-34 with 1 log segments, log start offset 0 and log end offset 0 in 2 ms (kafka.log.Log)
[2018-03-11 22:12:35,174] INFO Loading producer state from offset 0 for partition __consumer_offsets-14 with message format version 2 (kafka.log.Log)
[2018-03-11 22:12:35,174] INFO Completed load of log __consumer_offsets-14 with 1 log segments, log start offset 0 and log end offset 0 in 1 ms (kafka.log.Log)
[2018-03-11 22:12:35,180] INFO Loading producer state from offset 0 for partition __consumer_offsets-9 with message format version 2 (kafka.log.Log)
[2018-03-11 22:12:35,180] INFO Completed load of log __consumer_offsets-9 with 1 log segments, log start offset 0 and log end offset 0 in 1 ms (kafka.log.Log)
[2018-03-11 22:12:35,187] INFO Loading producer state from offset 0 for partition __consumer_offsets-8 with message format version 2 (kafka.log.Log)
[2018-03-11 22:12:35,187] INFO Completed load of log __consumer_offsets-8 with 1 log segments, log start offset 0 and log end offset 0 in 2 ms (kafka.log.Log)
[2018-03-11 22:12:35,203] INFO Loading producer state from offset 0 for partition __consumer_offsets-21 with message format version 2 (kafka.log.Log)
[2018-03-11 22:12:35,204] INFO Completed load of log __consumer_offsets-21 with 1 log segments, log start offset 0 and log end offset 0 in 15 ms (kafka.log.Log)
[2018-03-11 22:12:35,214] INFO Loading producer state from offset 0 for partition __consumer_offsets-15 with message format version 2 (kafka.log.Log)
[2018-03-11 22:12:35,214] INFO Completed load of log __consumer_offsets-15 with 1 log segments, log start offset 0 and log end offset 0 in 2 ms (kafka.log.Log)
[2018-03-11 22:12:35,229] INFO Loading producer state from offset 0 for partition __consumer_offsets-33 with message format version 2 (kafka.log.Log)
[2018-03-11 22:12:35,230] INFO Completed load of log __consumer_offsets-33 with 1 log segments, log start offset 0 and log end offset 0 in 2 ms (kafka.log.Log)
[2018-03-11 22:12:35,241] INFO Loading producer state from offset 0 for partition __consumer_offsets-40 with message format version 2 (kafka.log.Log)
[2018-03-11 22:12:35,241] INFO Completed load of log __consumer_offsets-40 with 1 log segments, log start offset 0 and log end offset 0 in 1 ms (kafka.log.Log)
[2018-03-11 22:12:35,246] INFO Loading producer state from offset 0 for partition __consumer_offsets-41 with message format version 2 (kafka.log.Log)
[2018-03-11 22:12:35,247] INFO Completed load of log __consumer_offsets-41 with 1 log segments, log start offset 0 and log end offset 0 in 2 ms (kafka.log.Log)
[2018-03-11 22:12:35,257] INFO Loading producer state from offset 0 for partition __consumer_offsets-0 with message format version 2 (kafka.log.Log)
[2018-03-11 22:12:35,257] INFO Completed load of log __consumer_offsets-0 with 1 log segments, log start offset 0 and log end offset 0 in 9 ms (kafka.log.Log)
[2018-03-11 22:12:35,262] INFO Logs loading complete in 777 ms. (kafka.log.LogManager)
[2018-03-11 22:12:35,473] INFO Starting log cleanup with a period of 300000 ms. (kafka.log.LogManager)
[2018-03-11 22:12:35,478] INFO Starting log flusher with a default period of 9223372036854775807 ms. (kafka.log.LogManager)
[2018-03-11 22:12:36,077] INFO Awaiting socket connections on 0.0.0.0:9092. (kafka.network.Acceptor)
[2018-03-11 22:12:36,094] INFO [SocketServer brokerId=0] Started 1 acceptor threads (kafka.network.SocketServer)
[2018-03-11 22:12:36,140] INFO [ExpirationReaper-0-Produce]: Starting (kafka.server.DelayedOperationPurgatory$ExpiredOperationReaper)
[2018-03-11 22:12:36,141] INFO [ExpirationReaper-0-Fetch]: Starting (kafka.server.DelayedOperationPurgatory$ExpiredOperationReaper)
[2018-03-11 22:12:36,142] INFO [ExpirationReaper-0-DeleteRecords]: Starting (kafka.server.DelayedOperationPurgatory$ExpiredOperationReaper)
[2018-03-11 22:12:36,165] INFO [LogDirFailureHandler]: Starting (kafka.server.ReplicaManager$LogDirFailureHandler)
[2018-03-11 22:12:36,279] INFO [ExpirationReaper-0-Rebalance]: Starting (kafka.server.DelayedOperationPurgatory$ExpiredOperationReaper)
[2018-03-11 22:12:36,280] INFO [ExpirationReaper-0-Heartbeat]: Starting (kafka.server.DelayedOperationPurgatory$ExpiredOperationReaper)
[2018-03-11 22:12:36,280] INFO [ExpirationReaper-0-topic]: Starting (kafka.server.DelayedOperationPurgatory$ExpiredOperationReaper)
[2018-03-11 22:12:36,302] INFO Creating /controller (is it secure? false) (kafka.utils.ZKCheckedEphemeral)
[2018-03-11 22:12:36,345] INFO [GroupCoordinator 0]: Starting up. (kafka.coordinator.group.GroupCoordinator)
[2018-03-11 22:12:36,362] INFO [GroupCoordinator 0]: Startup complete. (kafka.coordinator.group.GroupCoordinator)
[2018-03-11 22:12:36,370] INFO [GroupMetadataManager brokerId=0] Removed 0 expired offsets in 3 milliseconds. (kafka.coordinator.group.GroupMetadataManager)
[2018-03-11 22:12:36,378] INFO Result of znode creation is: OK (kafka.utils.ZKCheckedEphemeral)
[2018-03-11 22:12:36,416] INFO [ProducerId Manager 0]: Acquired new producerId block (brokerId:0,blockStartProducerId:1000,blockEndProducerId:1999) by writing to Zk with path version 2 (kafka.coordinator.transaction.ProducerIdManager)
[2018-03-11 22:12:36,527] INFO [TransactionCoordinator id=0] Starting up. (kafka.coordinator.transaction.TransactionCoordinator)
[2018-03-11 22:12:36,538] INFO [TransactionCoordinator id=0] Startup complete. (kafka.coordinator.transaction.TransactionCoordinator)
[2018-03-11 22:12:36,547] INFO [Transaction Marker Channel Manager 0]: Starting (kafka.coordinator.transaction.TransactionMarkerChannelManager)
[2018-03-11 22:12:36,896] INFO Creating /brokers/ids/0 (is it secure? false) (kafka.utils.ZKCheckedEphemeral)
[2018-03-11 22:12:36,932] INFO Got user-level KeeperException when processing sessionid:0x16215675bde0000 type:create cxid:0x80 zxid:0xdb txntype:-1 reqpath:n/a Error Path:/brokers Error:KeeperErrorCode = NodeExists for /brokers (org.apache.zookeeper.server.PrepRequestProcessor)
[2018-03-11 22:12:36,932] INFO Got user-level KeeperException when processing sessionid:0x16215675bde0000 type:create cxid:0x81 zxid:0xdc txntype:-1 reqpath:n/a Error Path:/brokers/ids Error:KeeperErrorCode = NodeExists for /brokers/ids (org.apache.zookeeper.server.PrepRequestProcessor)
[2018-03-11 22:12:36,938] INFO Result of znode creation is: OK (kafka.utils.ZKCheckedEphemeral)
[2018-03-11 22:12:36,939] INFO Registered broker 0 at path /brokers/ids/0 with addresses: EndPoint(47.94.210.233,9092,ListenerName(PLAINTEXT),PLAINTEXT) (kafka.utils.ZkUtils)
[2018-03-11 22:12:36,964] INFO Kafka version : 1.0.0 (org.apache.kafka.common.utils.AppInfoParser)
[2018-03-11 22:12:36,964] INFO Kafka commitId : aaa7af6d4a11b29d (org.apache.kafka.common.utils.AppInfoParser)
[2018-03-11 22:12:36,982] INFO [KafkaServer id=0] started (kafka.server.KafkaServer)
[2018-03-11 22:12:37,196] INFO Got user-level KeeperException when processing sessionid:0x16215675bde0000 type:delete cxid:0xdb zxid:0xde txntype:-1 reqpath:n/a Error Path:/admin/preferred_replica_election Error:KeeperErrorCode = NoNode for /admin/preferred_replica_election (org.apache.zookeeper.server.PrepRequestProcessor)
[2018-03-11 22:12:37,586] INFO [ReplicaFetcherManager on broker 0] Removed fetcher for partitions __consumer_offsets-22,__consumer_offsets-30,__consumer_offsets-8,__consumer_offsets-21,__consumer_offsets-4,__consumer_offsets-27,__consumer_offsets-7,__consumer_offsets-9,__consumer_offsets-46,__consumer_offsets-25,__consumer_offsets-35,__consumer_offsets-41,__consumer_offsets-33,__consumer_offsets-23,__consumer_offsets-49,__consumer_offsets-47,__consumer_offsets-16,__consumer_offsets-28,__consumer_offsets-31,__consumer_offsets-36,__consumer_offsets-42,__consumer_offsets-3,__consumer_offsets-18,__consumer_offsets-37,__consumer_offsets-15,__consumer_offsets-24,myTopic-0,__consumer_offsets-38,__consumer_offsets-17,__consumer_offsets-48,__consumer_offsets-19,__consumer_offsets-11,__consumer_offsets-13,__consumer_offsets-2,__consumer_offsets-43,__consumer_offsets-6,__consumer_offsets-14,__consumer_offsets-20,__consumer_offsets-0,__consumer_offsets-44,__consumer_offsets-39,__consumer_offsets-12,__consumer_offsets-45,__consumer_offsets-1,__consumer_offsets-5,__consumer_offsets-26,__consumer_offsets-29,__consumer_offsets-34,__consumer_offsets-10,__consumer_offsets-32,__consumer_offsets-40 (kafka.server.ReplicaFetcherManager)
[2018-03-11 22:12:37,623] INFO Replica loaded for partition __consumer_offsets-0 with initial high watermark 0 (kafka.cluster.Replica)
[2018-03-11 22:12:37,646] INFO [Partition __consumer_offsets-0 broker=0] __consumer_offsets-0 starts at Leader Epoch 0 from offset 0. Previous Leader Epoch was: -1 (kafka.cluster.Partition)
[2018-03-11 22:12:37,727] INFO Replica loaded for partition __consumer_offsets-29 with initial high watermark 0 (kafka.cluster.Replica)
[2018-03-11 22:12:37,727] INFO [Partition __consumer_offsets-29 broker=0] __consumer_offsets-29 starts at Leader Epoch 0 from offset 0. Previous Leader Epoch was: -1 (kafka.cluster.Partition)
[2018-03-11 22:12:37,732] INFO Replica loaded for partition __consumer_offsets-48 with initial high watermark 0 (kafka.cluster.Replica)
[2018-03-11 22:12:37,732] INFO [Partition __consumer_offsets-48 broker=0] __consumer_offsets-48 starts at Leader Epoch 0 from offset 0. Previous Leader Epoch was: -1 (kafka.cluster.Partition)
[2018-03-11 22:12:37,741] INFO Replica loaded for partition __consumer_offsets-10 with initial high watermark 0 (kafka.cluster.Replica)
[2018-03-11 22:12:37,741] INFO [Partition __consumer_offsets-10 broker=0] __consumer_offsets-10 starts at Leader Epoch 0 from offset 0. Previous Leader Epoch was: -1 (kafka.cluster.Partition)
[2018-03-11 22:12:37,754] INFO Replica loaded for partition __consumer_offsets-45 with initial high watermark 0 (kafka.cluster.Replica)
[2018-03-11 22:12:37,755] INFO [Partition __consumer_offsets-45 broker=0] __consumer_offsets-45 starts at Leader Epoch 0 from offset 0. Previous Leader Epoch was: -1 (kafka.cluster.Partition)
[2018-03-11 22:12:37,775] INFO Replica loaded for partition __consumer_offsets-26 with initial high watermark 0 (kafka.cluster.Replica)
[2018-03-11 22:12:37,775] INFO [Partition __consumer_offsets-26 broker=0] __consumer_offsets-26 starts at Leader Epoch 0 from offset 0. Previous Leader Epoch was: -1 (kafka.cluster.Partition)
[2018-03-11 22:12:37,779] INFO Replica loaded for partition __consumer_offsets-7 with initial high watermark 0 (kafka.cluster.Replica)
[2018-03-11 22:12:37,779] INFO [Partition __consumer_offsets-7 broker=0] __consumer_offsets-7 starts at Leader Epoch 0 from offset 0. Previous Leader Epoch was: -1 (kafka.cluster.Partition)
[2018-03-11 22:12:37,787] INFO Replica loaded for partition __consumer_offsets-42 with initial high watermark 0 (kafka.cluster.Replica)
[2018-03-11 22:12:37,787] INFO [Partition __consumer_offsets-42 broker=0] __consumer_offsets-42 starts at Leader Epoch 0 from offset 0. Previous Leader Epoch was: -1 (kafka.cluster.Partition)
[2018-03-11 22:12:37,802] INFO Replica loaded for partition __consumer_offsets-4 with initial high watermark 0 (kafka.cluster.Replica)
[2018-03-11 22:12:37,802] INFO [Partition __consumer_offsets-4 broker=0] __consumer_offsets-4 starts at Leader Epoch 0 from offset 0. Previous Leader Epoch was: -1 (kafka.cluster.Partition)
[2018-03-11 22:12:37,806] INFO Replica loaded for partition __consumer_offsets-23 with initial high watermark 0 (kafka.cluster.Replica)
[2018-03-11 22:12:37,806] INFO [Partition __consumer_offsets-23 broker=0] __consumer_offsets-23 starts at Leader Epoch 0 from offset 0. Previous Leader Epoch was: -1 (kafka.cluster.Partition)
[2018-03-11 22:12:37,813] INFO Replica loaded for partition __consumer_offsets-1 with initial high watermark 0 (kafka.cluster.Replica)
[2018-03-11 22:12:37,814] INFO [Partition __consumer_offsets-1 broker=0] __consumer_offsets-1 starts at Leader Epoch 0 from offset 0. Previous Leader Epoch was: -1 (kafka.cluster.Partition)
[2018-03-11 22:12:37,835] INFO Replica loaded for partition __consumer_offsets-20 with initial high watermark 0 (kafka.cluster.Replica)
[2018-03-11 22:12:37,835] INFO [Partition __consumer_offsets-20 broker=0] __consumer_offsets-20 starts at Leader Epoch 0 from offset 0. Previous Leader Epoch was: -1 (kafka.cluster.Partition)
[2018-03-11 22:12:37,838] INFO Replica loaded for partition __consumer_offsets-39 with initial high watermark 0 (kafka.cluster.Replica)
[2018-03-11 22:12:37,838] INFO [Partition __consumer_offsets-39 broker=0] __consumer_offsets-39 starts at Leader Epoch 0 from offset 0. Previous Leader Epoch was: -1 (kafka.cluster.Partition)
[2018-03-11 22:12:37,849] INFO Replica loaded for partition __consumer_offsets-17 with initial high watermark 0 (kafka.cluster.Replica)
[2018-03-11 22:12:37,849] INFO [Partition __consumer_offsets-17 broker=0] __consumer_offsets-17 starts at Leader Epoch 0 from offset 0. Previous Leader Epoch was: -1 (kafka.cluster.Partition)
[2018-03-11 22:12:37,853] INFO Replica loaded for partition __consumer_offsets-36 with initial high watermark 0 (kafka.cluster.Replica)
[2018-03-11 22:12:37,854] INFO [Partition __consumer_offsets-36 broker=0] __consumer_offsets-36 starts at Leader Epoch 0 from offset 0. Previous Leader Epoch was: -1 (kafka.cluster.Partition)
[2018-03-11 22:12:37,864] INFO Replica loaded for partition __consumer_offsets-14 with initial high watermark 0 (kafka.cluster.Replica)
[2018-03-11 22:12:37,864] INFO [Partition __consumer_offsets-14 broker=0] __consumer_offsets-14 starts at Leader Epoch 0 from offset 0. Previous Leader Epoch was: -1 (kafka.cluster.Partition)
[2018-03-11 22:12:37,886] INFO Replica loaded for partition __consumer_offsets-33 with initial high watermark 0 (kafka.cluster.Replica)
[2018-03-11 22:12:37,887] INFO [Partition __consumer_offsets-33 broker=0] __consumer_offsets-33 starts at Leader Epoch 0 from offset 0. Previous Leader Epoch was: -1 (kafka.cluster.Partition)
[2018-03-11 22:12:37,893] INFO Replica loaded for partition __consumer_offsets-49 with initial high watermark 0 (kafka.cluster.Replica)
[2018-03-11 22:12:37,893] INFO [Partition __consumer_offsets-49 broker=0] __consumer_offsets-49 starts at Leader Epoch 0 from offset 0. Previous Leader Epoch was: -1 (kafka.cluster.Partition)
[2018-03-11 22:12:37,897] INFO Replica loaded for partition __consumer_offsets-11 with initial high watermark 0 (kafka.cluster.Replica)
[2018-03-11 22:12:37,897] INFO [Partition __consumer_offsets-11 broker=0] __consumer_offsets-11 starts at Leader Epoch 0 from offset 0. Previous Leader Epoch was: -1 (kafka.cluster.Partition)
[2018-03-11 22:12:37,900] INFO Replica loaded for partition __consumer_offsets-30 with initial high watermark 0 (kafka.cluster.Replica)
[2018-03-11 22:12:37,900] INFO [Partition __consumer_offsets-30 broker=0] __consumer_offsets-30 starts at Leader Epoch 0 from offset 0. Previous Leader Epoch was: -1 (kafka.cluster.Partition)
[2018-03-11 22:12:37,908] INFO Replica loaded for partition __consumer_offsets-46 with initial high watermark 0 (kafka.cluster.Replica)
[2018-03-11 22:12:37,908] INFO [Partition __consumer_offsets-46 broker=0] __consumer_offsets-46 starts at Leader Epoch 0 from offset 0. Previous Leader Epoch was: -1 (kafka.cluster.Partition)
[2018-03-11 22:12:37,911] INFO Replica loaded for partition __consumer_offsets-27 with initial high watermark 0 (kafka.cluster.Replica)
[2018-03-11 22:12:37,911] INFO [Partition __consumer_offsets-27 broker=0] __consumer_offsets-27 starts at Leader Epoch 0 from offset 0. Previous Leader Epoch was: -1 (kafka.cluster.Partition)
[2018-03-11 22:12:37,926] INFO Replica loaded for partition __consumer_offsets-8 with initial high watermark 0 (kafka.cluster.Replica)
[2018-03-11 22:12:37,926] INFO [Partition __consumer_offsets-8 broker=0] __consumer_offsets-8 starts at Leader Epoch 0 from offset 0. Previous Leader Epoch was: -1 (kafka.cluster.Partition)
[2018-03-11 22:12:37,929] INFO Replica loaded for partition __consumer_offsets-24 with initial high watermark 16 (kafka.cluster.Replica)
[2018-03-11 22:12:37,929] INFO [Partition __consumer_offsets-24 broker=0] __consumer_offsets-24 starts at Leader Epoch 0 from offset 16. Previous Leader Epoch was: -1 (kafka.cluster.Partition)
[2018-03-11 22:12:37,933] INFO Replica loaded for partition __consumer_offsets-43 with initial high watermark 0 (kafka.cluster.Replica)
[2018-03-11 22:12:37,933] INFO [Partition __consumer_offsets-43 broker=0] __consumer_offsets-43 starts at Leader Epoch 0 from offset 0. Previous Leader Epoch was: -1 (kafka.cluster.Partition)
[2018-03-11 22:12:37,945] INFO Replica loaded for partition __consumer_offsets-5 with initial high watermark 0 (kafka.cluster.Replica)
[2018-03-11 22:12:37,945] INFO [Partition __consumer_offsets-5 broker=0] __consumer_offsets-5 starts at Leader Epoch 0 from offset 0. Previous Leader Epoch was: -1 (kafka.cluster.Partition)
[2018-03-11 22:12:37,950] INFO Replica loaded for partition __consumer_offsets-21 with initial high watermark 0 (kafka.cluster.Replica)
[2018-03-11 22:12:37,950] INFO [Partition __consumer_offsets-21 broker=0] __consumer_offsets-21 starts at Leader Epoch 0 from offset 0. Previous Leader Epoch was: -1 (kafka.cluster.Partition)
[2018-03-11 22:12:37,954] INFO Replica loaded for partition __consumer_offsets-2 with initial high watermark 0 (kafka.cluster.Replica)
[2018-03-11 22:12:37,955] INFO [Partition __consumer_offsets-2 broker=0] __consumer_offsets-2 starts at Leader Epoch 0 from offset 0. Previous Leader Epoch was: -1 (kafka.cluster.Partition)
[2018-03-11 22:12:37,961] INFO Replica loaded for partition __consumer_offsets-40 with initial high watermark 0 (kafka.cluster.Replica)
[2018-03-11 22:12:37,961] INFO [Partition __consumer_offsets-40 broker=0] __consumer_offsets-40 starts at Leader Epoch 0 from offset 0. Previous Leader Epoch was: -1 (kafka.cluster.Partition)
[2018-03-11 22:12:37,963] INFO Replica loaded for partition __consumer_offsets-37 with initial high watermark 0 (kafka.cluster.Replica)
[2018-03-11 22:12:37,963] INFO [Partition __consumer_offsets-37 broker=0] __consumer_offsets-37 starts at Leader Epoch 0 from offset 0. Previous Leader Epoch was: -1 (kafka.cluster.Partition)
[2018-03-11 22:12:37,965] INFO Replica loaded for partition __consumer_offsets-18 with initial high watermark 0 (kafka.cluster.Replica)
[2018-03-11 22:12:37,965] INFO [Partition __consumer_offsets-18 broker=0] __consumer_offsets-18 starts at Leader Epoch 0 from offset 0. Previous Leader Epoch was: -1 (kafka.cluster.Partition)
[2018-03-11 22:12:37,971] INFO Replica loaded for partition __consumer_offsets-34 with initial high watermark 0 (kafka.cluster.Replica)
[2018-03-11 22:12:37,971] INFO [Partition __consumer_offsets-34 broker=0] __consumer_offsets-34 starts at Leader Epoch 0 from offset 0. Previous Leader Epoch was: -1 (kafka.cluster.Partition)
[2018-03-11 22:12:37,974] INFO Replica loaded for partition __consumer_offsets-15 with initial high watermark 0 (kafka.cluster.Replica)
[2018-03-11 22:12:37,974] INFO [Partition __consumer_offsets-15 broker=0] __consumer_offsets-15 starts at Leader Epoch 0 from offset 0. Previous Leader Epoch was: -1 (kafka.cluster.Partition)
[2018-03-11 22:12:37,976] INFO Replica loaded for partition myTopic-0 with initial high watermark 18 (kafka.cluster.Replica)
[2018-03-11 22:12:37,976] INFO [Partition myTopic-0 broker=0] myTopic-0 starts at Leader Epoch 0 from offset 18. Previous Leader Epoch was: -1 (kafka.cluster.Partition)
[2018-03-11 22:12:37,988] INFO Replica loaded for partition __consumer_offsets-12 with initial high watermark 3 (kafka.cluster.Replica)
[2018-03-11 22:12:37,988] INFO [Partition __consumer_offsets-12 broker=0] __consumer_offsets-12 starts at Leader Epoch 0 from offset 3. Previous Leader Epoch was: -1 (kafka.cluster.Partition)
[2018-03-11 22:12:37,991] INFO Replica loaded for partition __consumer_offsets-31 with initial high watermark 0 (kafka.cluster.Replica)
[2018-03-11 22:12:37,991] INFO [Partition __consumer_offsets-31 broker=0] __consumer_offsets-31 starts at Leader Epoch 0 from offset 0. Previous Leader Epoch was: -1 (kafka.cluster.Partition)
[2018-03-11 22:12:37,993] INFO Replica loaded for partition __consumer_offsets-9 with initial high watermark 0 (kafka.cluster.Replica)
[2018-03-11 22:12:37,993] INFO [Partition __consumer_offsets-9 broker=0] __consumer_offsets-9 starts at Leader Epoch 0 from offset 0. Previous Leader Epoch was: -1 (kafka.cluster.Partition)
[2018-03-11 22:12:37,995] INFO Replica loaded for partition __consumer_offsets-47 with initial high watermark 0 (kafka.cluster.Replica)
[2018-03-11 22:12:37,995] INFO [Partition __consumer_offsets-47 broker=0] __consumer_offsets-47 starts at Leader Epoch 0 from offset 0. Previous Leader Epoch was: -1 (kafka.cluster.Partition)
[2018-03-11 22:12:38,001] INFO Replica loaded for partition __consumer_offsets-19 with initial high watermark 0 (kafka.cluster.Replica)
[2018-03-11 22:12:38,001] INFO [Partition __consumer_offsets-19 broker=0] __consumer_offsets-19 starts at Leader Epoch 0 from offset 0. Previous Leader Epoch was: -1 (kafka.cluster.Partition)
[2018-03-11 22:12:38,004] INFO Replica loaded for partition __consumer_offsets-28 with initial high watermark 0 (kafka.cluster.Replica)
[2018-03-11 22:12:38,005] INFO [Partition __consumer_offsets-28 broker=0] __consumer_offsets-28 starts at Leader Epoch 0 from offset 0. Previous Leader Epoch was: -1 (kafka.cluster.Partition)
[2018-03-11 22:12:38,007] INFO Replica loaded for partition __consumer_offsets-38 with initial high watermark 0 (kafka.cluster.Replica)
[2018-03-11 22:12:38,007] INFO [Partition __consumer_offsets-38 broker=0] __consumer_offsets-38 starts at Leader Epoch 0 from offset 0. Previous Leader Epoch was: -1 (kafka.cluster.Partition)
[2018-03-11 22:12:38,013] INFO Replica loaded for partition __consumer_offsets-35 with initial high watermark 0 (kafka.cluster.Replica)
[2018-03-11 22:12:38,013] INFO [Partition __consumer_offsets-35 broker=0] __consumer_offsets-35 starts at Leader Epoch 0 from offset 0. Previous Leader Epoch was: -1 (kafka.cluster.Partition)
[2018-03-11 22:12:38,015] INFO Replica loaded for partition __consumer_offsets-44 with initial high watermark 0 (kafka.cluster.Replica)
[2018-03-11 22:12:38,015] INFO [Partition __consumer_offsets-44 broker=0] __consumer_offsets-44 starts at Leader Epoch 0 from offset 0. Previous Leader Epoch was: -1 (kafka.cluster.Partition)
[2018-03-11 22:12:38,021] INFO Replica loaded for partition __consumer_offsets-6 with initial high watermark 0 (kafka.cluster.Replica)
[2018-03-11 22:12:38,021] INFO [Partition __consumer_offsets-6 broker=0] __consumer_offsets-6 starts at Leader Epoch 0 from offset 0. Previous Leader Epoch was: -1 (kafka.cluster.Partition)
[2018-03-11 22:12:38,023] INFO Replica loaded for partition __consumer_offsets-25 with initial high watermark 0 (kafka.cluster.Replica)
[2018-03-11 22:12:38,023] INFO [Partition __consumer_offsets-25 broker=0] __consumer_offsets-25 starts at Leader Epoch 0 from offset 0. Previous Leader Epoch was: -1 (kafka.cluster.Partition)
[2018-03-11 22:12:38,025] INFO Replica loaded for partition __consumer_offsets-16 with initial high watermark 0 (kafka.cluster.Replica)
[2018-03-11 22:12:38,025] INFO [Partition __consumer_offsets-16 broker=0] __consumer_offsets-16 starts at Leader Epoch 0 from offset 0. Previous Leader Epoch was: -1 (kafka.cluster.Partition)
[2018-03-11 22:12:38,027] INFO Replica loaded for partition __consumer_offsets-22 with initial high watermark 0 (kafka.cluster.Replica)
[2018-03-11 22:12:38,027] INFO [Partition __consumer_offsets-22 broker=0] __consumer_offsets-22 starts at Leader Epoch 0 from offset 0. Previous Leader Epoch was: -1 (kafka.cluster.Partition)
[2018-03-11 22:12:38,034] INFO Replica loaded for partition __consumer_offsets-41 with initial high watermark 0 (kafka.cluster.Replica)
[2018-03-11 22:12:38,034] INFO [Partition __consumer_offsets-41 broker=0] __consumer_offsets-41 starts at Leader Epoch 0 from offset 0. Previous Leader Epoch was: -1 (kafka.cluster.Partition)
[2018-03-11 22:12:38,036] INFO Replica loaded for partition __consumer_offsets-32 with initial high watermark 0 (kafka.cluster.Replica)
[2018-03-11 22:12:38,036] INFO [Partition __consumer_offsets-32 broker=0] __consumer_offsets-32 starts at Leader Epoch 0 from offset 0. Previous Leader Epoch was: -1 (kafka.cluster.Partition)
[2018-03-11 22:12:38,038] INFO Replica loaded for partition __consumer_offsets-3 with initial high watermark 0 (kafka.cluster.Replica)
[2018-03-11 22:12:38,038] INFO [Partition __consumer_offsets-3 broker=0] __consumer_offsets-3 starts at Leader Epoch 0 from offset 0. Previous Leader Epoch was: -1 (kafka.cluster.Partition)
[2018-03-11 22:12:38,040] INFO Replica loaded for partition __consumer_offsets-13 with initial high watermark 0 (kafka.cluster.Replica)
[2018-03-11 22:12:38,040] INFO [Partition __consumer_offsets-13 broker=0] __consumer_offsets-13 starts at Leader Epoch 0 from offset 0. Previous Leader Epoch was: -1 (kafka.cluster.Partition)
[2018-03-11 22:12:38,099] INFO [GroupMetadataManager brokerId=0] Scheduling loading of offsets and group metadata from __consumer_offsets-22 (kafka.coordinator.group.GroupMetadataManager)
[2018-03-11 22:12:38,100] INFO [GroupMetadataManager brokerId=0] Scheduling loading of offsets and group metadata from __consumer_offsets-25 (kafka.coordinator.group.GroupMetadataManager)
[2018-03-11 22:12:38,100] INFO [GroupMetadataManager brokerId=0] Scheduling loading of offsets and group metadata from __consumer_offsets-28 (kafka.coordinator.group.GroupMetadataManager)
[2018-03-11 22:12:38,100] INFO [GroupMetadataManager brokerId=0] Scheduling loading of offsets and group metadata from __consumer_offsets-31 (kafka.coordinator.group.GroupMetadataManager)
[2018-03-11 22:12:38,100] INFO [GroupMetadataManager brokerId=0] Scheduling loading of offsets and group metadata from __consumer_offsets-34 (kafka.coordinator.group.GroupMetadataManager)
[2018-03-11 22:12:38,100] INFO [GroupMetadataManager brokerId=0] Scheduling loading of offsets and group metadata from __consumer_offsets-37 (kafka.coordinator.group.GroupMetadataManager)
[2018-03-11 22:12:38,100] INFO [GroupMetadataManager brokerId=0] Scheduling loading of offsets and group metadata from __consumer_offsets-40 (kafka.coordinator.group.GroupMetadataManager)
[2018-03-11 22:12:38,100] INFO [GroupMetadataManager brokerId=0] Scheduling loading of offsets and group metadata from __consumer_offsets-43 (kafka.coordinator.group.GroupMetadataManager)
[2018-03-11 22:12:38,100] INFO [GroupMetadataManager brokerId=0] Scheduling loading of offsets and group metadata from __consumer_offsets-46 (kafka.coordinator.group.GroupMetadataManager)
[2018-03-11 22:12:38,100] INFO [GroupMetadataManager brokerId=0] Scheduling loading of offsets and group metadata from __consumer_offsets-49 (kafka.coordinator.group.GroupMetadataManager)
[2018-03-11 22:12:38,100] INFO [GroupMetadataManager brokerId=0] Scheduling loading of offsets and group metadata from __consumer_offsets-41 (kafka.coordinator.group.GroupMetadataManager)
[2018-03-11 22:12:38,100] INFO [GroupMetadataManager brokerId=0] Scheduling loading of offsets and group metadata from __consumer_offsets-44 (kafka.coordinator.group.GroupMetadataManager)
[2018-03-11 22:12:38,100] INFO [GroupMetadataManager brokerId=0] Scheduling loading of offsets and group metadata from __consumer_offsets-47 (kafka.coordinator.group.GroupMetadataManager)
[2018-03-11 22:12:38,100] INFO [GroupMetadataManager brokerId=0] Scheduling loading of offsets and group metadata from __consumer_offsets-1 (kafka.coordinator.group.GroupMetadataManager)
[2018-03-11 22:12:38,100] INFO [GroupMetadataManager brokerId=0] Scheduling loading of offsets and group metadata from __consumer_offsets-4 (kafka.coordinator.group.GroupMetadataManager)
[2018-03-11 22:12:38,100] INFO [GroupMetadataManager brokerId=0] Scheduling loading of offsets and group metadata from __consumer_offsets-7 (kafka.coordinator.group.GroupMetadataManager)
[2018-03-11 22:12:38,100] INFO [GroupMetadataManager brokerId=0] Scheduling loading of offsets and group metadata from __consumer_offsets-10 (kafka.coordinator.group.GroupMetadataManager)
[2018-03-11 22:12:38,100] INFO [GroupMetadataManager brokerId=0] Scheduling loading of offsets and group metadata from __consumer_offsets-13 (kafka.coordinator.group.GroupMetadataManager)
[2018-03-11 22:12:38,100] INFO [GroupMetadataManager brokerId=0] Scheduling loading of offsets and group metadata from __consumer_offsets-16 (kafka.coordinator.group.GroupMetadataManager)
[2018-03-11 22:12:38,100] INFO [GroupMetadataManager brokerId=0] Scheduling loading of offsets and group metadata from __consumer_offsets-19 (kafka.coordinator.group.GroupMetadataManager)
[2018-03-11 22:12:38,100] INFO [GroupMetadataManager brokerId=0] Scheduling loading of offsets and group metadata from __consumer_offsets-2 (kafka.coordinator.group.GroupMetadataManager)
[2018-03-11 22:12:38,100] INFO [GroupMetadataManager brokerId=0] Scheduling loading of offsets and group metadata from __consumer_offsets-5 (kafka.coordinator.group.GroupMetadataManager)
[2018-03-11 22:12:38,100] INFO [GroupMetadataManager brokerId=0] Scheduling loading of offsets and group metadata from __consumer_offsets-8 (kafka.coordinator.group.GroupMetadataManager)
[2018-03-11 22:12:38,101] INFO [GroupMetadataManager brokerId=0] Scheduling loading of offsets and group metadata from __consumer_offsets-11 (kafka.coordinator.group.GroupMetadataManager)
[2018-03-11 22:12:38,101] INFO [GroupMetadataManager brokerId=0] Scheduling loading of offsets and group metadata from __consumer_offsets-14 (kafka.coordinator.group.GroupMetadataManager)
[2018-03-11 22:12:38,101] INFO [GroupMetadataManager brokerId=0] Scheduling loading of offsets and group metadata from __consumer_offsets-17 (kafka.coordinator.group.GroupMetadataManager)
[2018-03-11 22:12:38,101] INFO [GroupMetadataManager brokerId=0] Scheduling loading of offsets and group metadata from __consumer_offsets-20 (kafka.coordinator.group.GroupMetadataManager)
[2018-03-11 22:12:38,101] INFO [GroupMetadataManager brokerId=0] Scheduling loading of offsets and group metadata from __consumer_offsets-23 (kafka.coordinator.group.GroupMetadataManager)
[2018-03-11 22:12:38,101] INFO [GroupMetadataManager brokerId=0] Scheduling loading of offsets and group metadata from __consumer_offsets-26 (kafka.coordinator.group.GroupMetadataManager)
[2018-03-11 22:12:38,101] INFO [GroupMetadataManager brokerId=0] Scheduling loading of offsets and group metadata from __consumer_offsets-29 (kafka.coordinator.group.GroupMetadataManager)
[2018-03-11 22:12:38,101] INFO [GroupMetadataManager brokerId=0] Scheduling loading of offsets and group metadata from __consumer_offsets-32 (kafka.coordinator.group.GroupMetadataManager)
[2018-03-11 22:12:38,112] INFO [GroupMetadataManager brokerId=0] Scheduling loading of offsets and group metadata from __consumer_offsets-35 (kafka.coordinator.group.GroupMetadataManager)
[2018-03-11 22:12:38,112] INFO [GroupMetadataManager brokerId=0] Scheduling loading of offsets and group metadata from __consumer_offsets-38 (kafka.coordinator.group.GroupMetadataManager)
[2018-03-11 22:12:38,112] INFO [GroupMetadataManager brokerId=0] Scheduling loading of offsets and group metadata from __consumer_offsets-0 (kafka.coordinator.group.GroupMetadataManager)
[2018-03-11 22:12:38,112] INFO [GroupMetadataManager brokerId=0] Scheduling loading of offsets and group metadata from __consumer_offsets-3 (kafka.coordinator.group.GroupMetadataManager)
[2018-03-11 22:12:38,112] INFO [GroupMetadataManager brokerId=0] Scheduling loading of offsets and group metadata from __consumer_offsets-6 (kafka.coordinator.group.GroupMetadataManager)
[2018-03-11 22:12:38,112] INFO [GroupMetadataManager brokerId=0] Scheduling loading of offsets and group metadata from __consumer_offsets-9 (kafka.coordinator.group.GroupMetadataManager)
[2018-03-11 22:12:38,113] INFO [GroupMetadataManager brokerId=0] Scheduling loading of offsets and group metadata from __consumer_offsets-12 (kafka.coordinator.group.GroupMetadataManager)
[2018-03-11 22:12:38,113] INFO [GroupMetadataManager brokerId=0] Scheduling loading of offsets and group metadata from __consumer_offsets-15 (kafka.coordinator.group.GroupMetadataManager)
[2018-03-11 22:12:38,113] INFO [GroupMetadataManager brokerId=0] Scheduling loading of offsets and group metadata from __consumer_offsets-18 (kafka.coordinator.group.GroupMetadataManager)
[2018-03-11 22:12:38,113] INFO [GroupMetadataManager brokerId=0] Scheduling loading of offsets and group metadata from __consumer_offsets-21 (kafka.coordinator.group.GroupMetadataManager)
[2018-03-11 22:12:38,113] INFO [GroupMetadataManager brokerId=0] Scheduling loading of offsets and group metadata from __consumer_offsets-24 (kafka.coordinator.group.GroupMetadataManager)
[2018-03-11 22:12:38,113] INFO [GroupMetadataManager brokerId=0] Scheduling loading of offsets and group metadata from __consumer_offsets-27 (kafka.coordinator.group.GroupMetadataManager)
[2018-03-11 22:12:38,113] INFO [GroupMetadataManager brokerId=0] Scheduling loading of offsets and group metadata from __consumer_offsets-30 (kafka.coordinator.group.GroupMetadataManager)
[2018-03-11 22:12:38,113] INFO [GroupMetadataManager brokerId=0] Scheduling loading of offsets and group metadata from __consumer_offsets-33 (kafka.coordinator.group.GroupMetadataManager)
[2018-03-11 22:12:38,113] INFO [GroupMetadataManager brokerId=0] Scheduling loading of offsets and group metadata from __consumer_offsets-36 (kafka.coordinator.group.GroupMetadataManager)
[2018-03-11 22:12:38,113] INFO [GroupMetadataManager brokerId=0] Scheduling loading of offsets and group metadata from __consumer_offsets-39 (kafka.coordinator.group.GroupMetadataManager)
[2018-03-11 22:12:38,113] INFO [GroupMetadataManager brokerId=0] Scheduling loading of offsets and group metadata from __consumer_offsets-42 (kafka.coordinator.group.GroupMetadataManager)
[2018-03-11 22:12:38,113] INFO [GroupMetadataManager brokerId=0] Scheduling loading of offsets and group metadata from __consumer_offsets-45 (kafka.coordinator.group.GroupMetadataManager)
[2018-03-11 22:12:38,113] INFO [GroupMetadataManager brokerId=0] Scheduling loading of offsets and group metadata from __consumer_offsets-48 (kafka.coordinator.group.GroupMetadataManager)
[2018-03-11 22:12:38,138] INFO [GroupMetadataManager brokerId=0] Finished loading offsets and group metadata from __consumer_offsets-22 in 36 milliseconds. (kafka.coordinator.group.GroupMetadataManager)
[2018-03-11 22:12:38,153] INFO [GroupMetadataManager brokerId=0] Finished loading offsets and group metadata from __consumer_offsets-25 in 0 milliseconds. (kafka.coordinator.group.GroupMetadataManager)
[2018-03-11 22:12:38,154] INFO [GroupMetadataManager brokerId=0] Finished loading offsets and group metadata from __consumer_offsets-28 in 0 milliseconds. (kafka.coordinator.group.GroupMetadataManager)
[2018-03-11 22:12:38,154] INFO [GroupMetadataManager brokerId=0] Finished loading offsets and group metadata from __consumer_offsets-31 in 0 milliseconds. (kafka.coordinator.group.GroupMetadataManager)
[2018-03-11 22:12:38,154] INFO [GroupMetadataManager brokerId=0] Finished loading offsets and group metadata from __consumer_offsets-34 in 0 milliseconds. (kafka.coordinator.group.GroupMetadataManager)
[2018-03-11 22:12:38,155] INFO [GroupMetadataManager brokerId=0] Finished loading offsets and group metadata from __consumer_offsets-37 in 0 milliseconds. (kafka.coordinator.group.GroupMetadataManager)
[2018-03-11 22:12:38,155] INFO [GroupMetadataManager brokerId=0] Finished loading offsets and group metadata from __consumer_offsets-40 in 0 milliseconds. (kafka.coordinator.group.GroupMetadataManager)
[2018-03-11 22:12:38,155] INFO [GroupMetadataManager brokerId=0] Finished loading offsets and group metadata from __consumer_offsets-43 in 0 milliseconds. (kafka.coordinator.group.GroupMetadataManager)
[2018-03-11 22:12:38,142] INFO [ReplicaFetcherManager on broker 0] Removed fetcher for partitions __consumer_offsets-22,__consumer_offsets-30,__consumer_offsets-8,__consumer_offsets-21,__consumer_offsets-4,__consumer_offsets-27,__consumer_offsets-7,__consumer_offsets-9,__consumer_offsets-46,__consumer_offsets-25,__consumer_offsets-35,__consumer_offsets-41,__consumer_offsets-33,__consumer_offsets-23,__consumer_offsets-49,__consumer_offsets-47,__consumer_offsets-16,__consumer_offsets-28,__consumer_offsets-31,__consumer_offsets-36,__consumer_offsets-42,__consumer_offsets-3,__consumer_offsets-18,__consumer_offsets-37,__consumer_offsets-15,__consumer_offsets-24,myTopic-0,__consumer_offsets-38,__consumer_offsets-17,__consumer_offsets-48,__consumer_offsets-19,__consumer_offsets-11,__consumer_offsets-13,__consumer_offsets-2,__consumer_offsets-43,__consumer_offsets-6,__consumer_offsets-14,__consumer_offsets-20,__consumer_offsets-0,__consumer_offsets-44,__consumer_offsets-39,__consumer_offsets-12,__consumer_offsets-45,__consumer_offsets-1,__consumer_offsets-5,__consumer_offsets-26,__consumer_offsets-29,__consumer_offsets-34,__consumer_offsets-10,__consumer_offsets-32,__consumer_offsets-40 (kafka.server.ReplicaFetcherManager)
[2018-03-11 22:12:38,156] INFO [Partition __consumer_offsets-0 broker=0] __consumer_offsets-0 starts at Leader Epoch 1 from offset 0. Previous Leader Epoch was: 0 (kafka.cluster.Partition)
[2018-03-11 22:12:38,157] INFO [GroupMetadataManager brokerId=0] Finished loading offsets and group metadata from __consumer_offsets-46 in 1 milliseconds. (kafka.coordinator.group.GroupMetadataManager)
[2018-03-11 22:12:38,178] INFO [GroupMetadataManager brokerId=0] Finished loading offsets and group metadata from __consumer_offsets-49 in 1 milliseconds. (kafka.coordinator.group.GroupMetadataManager)
[2018-03-11 22:12:38,178] INFO [GroupMetadataManager brokerId=0] Finished loading offsets and group metadata from __consumer_offsets-41 in 0 milliseconds. (kafka.coordinator.group.GroupMetadataManager)
[2018-03-11 22:12:38,178] INFO [GroupMetadataManager brokerId=0] Finished loading offsets and group metadata from __consumer_offsets-44 in 0 milliseconds. (kafka.coordinator.group.GroupMetadataManager)
[2018-03-11 22:12:38,179] INFO [GroupMetadataManager brokerId=0] Finished loading offsets and group metadata from __consumer_offsets-47 in 1 milliseconds. (kafka.coordinator.group.GroupMetadataManager)
[2018-03-11 22:12:38,179] INFO [GroupMetadataManager brokerId=0] Finished loading offsets and group metadata from __consumer_offsets-1 in 0 milliseconds. (kafka.coordinator.group.GroupMetadataManager)
[2018-03-11 22:12:38,179] INFO [GroupMetadataManager brokerId=0] Finished loading offsets and group metadata from __consumer_offsets-4 in 0 milliseconds. (kafka.coordinator.group.GroupMetadataManager)
[2018-03-11 22:12:38,180] INFO [GroupMetadataManager brokerId=0] Finished loading offsets and group metadata from __consumer_offsets-7 in 1 milliseconds. (kafka.coordinator.group.GroupMetadataManager)
[2018-03-11 22:12:38,180] INFO [GroupMetadataManager brokerId=0] Finished loading offsets and group metadata from __consumer_offsets-10 in 0 milliseconds. (kafka.coordinator.group.GroupMetadataManager)
[2018-03-11 22:12:38,180] INFO [GroupMetadataManager brokerId=0] Finished loading offsets and group metadata from __consumer_offsets-13 in 0 milliseconds. (kafka.coordinator.group.GroupMetadataManager)
[2018-03-11 22:12:38,181] INFO [GroupMetadataManager brokerId=0] Finished loading offsets and group metadata from __consumer_offsets-16 in 1 milliseconds. (kafka.coordinator.group.GroupMetadataManager)
[2018-03-11 22:12:38,181] INFO [GroupMetadataManager brokerId=0] Finished loading offsets and group metadata from __consumer_offsets-19 in 0 milliseconds. (kafka.coordinator.group.GroupMetadataManager)
[2018-03-11 22:12:38,181] INFO [GroupMetadataManager brokerId=0] Finished loading offsets and group metadata from __consumer_offsets-2 in 0 milliseconds. (kafka.coordinator.group.GroupMetadataManager)
[2018-03-11 22:12:38,182] INFO [GroupMetadataManager brokerId=0] Finished loading offsets and group metadata from __consumer_offsets-5 in 1 milliseconds. (kafka.coordinator.group.GroupMetadataManager)
[2018-03-11 22:12:38,182] INFO [GroupMetadataManager brokerId=0] Finished loading offsets and group metadata from __consumer_offsets-8 in 0 milliseconds. (kafka.coordinator.group.GroupMetadataManager)
[2018-03-11 22:12:38,182] INFO [GroupMetadataManager brokerId=0] Finished loading offsets and group metadata from __consumer_offsets-11 in 0 milliseconds. (kafka.coordinator.group.GroupMetadataManager)
[2018-03-11 22:12:38,183] INFO [GroupMetadataManager brokerId=0] Finished loading offsets and group metadata from __consumer_offsets-14 in 1 milliseconds. (kafka.coordinator.group.GroupMetadataManager)
[2018-03-11 22:12:38,163] INFO [Partition __consumer_offsets-29 broker=0] __consumer_offsets-29 starts at Leader Epoch 1 from offset 0. Previous Leader Epoch was: 0 (kafka.cluster.Partition)
[2018-03-11 22:12:38,183] INFO [Partition __consumer_offsets-48 broker=0] __consumer_offsets-48 starts at Leader Epoch 1 from offset 0. Previous Leader Epoch was: 0 (kafka.cluster.Partition)
[2018-03-11 22:12:38,183] INFO [Partition __consumer_offsets-10 broker=0] __consumer_offsets-10 starts at Leader Epoch 1 from offset 0. Previous Leader Epoch was: 0 (kafka.cluster.Partition)
[2018-03-11 22:12:38,184] INFO [Partition __consumer_offsets-45 broker=0] __consumer_offsets-45 starts at Leader Epoch 1 from offset 0. Previous Leader Epoch was: 0 (kafka.cluster.Partition)
[2018-03-11 22:12:38,184] INFO [Partition __consumer_offsets-26 broker=0] __consumer_offsets-26 starts at Leader Epoch 1 from offset 0. Previous Leader Epoch was: 0 (kafka.cluster.Partition)
[2018-03-11 22:12:38,184] INFO [Partition __consumer_offsets-7 broker=0] __consumer_offsets-7 starts at Leader Epoch 1 from offset 0. Previous Leader Epoch was: 0 (kafka.cluster.Partition)
[2018-03-11 22:12:38,184] INFO [Partition __consumer_offsets-42 broker=0] __consumer_offsets-42 starts at Leader Epoch 1 from offset 0. Previous Leader Epoch was: 0 (kafka.cluster.Partition)
[2018-03-11 22:12:38,184] INFO [Partition __consumer_offsets-4 broker=0] __consumer_offsets-4 starts at Leader Epoch 1 from offset 0. Previous Leader Epoch was: 0 (kafka.cluster.Partition)
[2018-03-11 22:12:38,185] INFO [Partition __consumer_offsets-23 broker=0] __consumer_offsets-23 starts at Leader Epoch 1 from offset 0. Previous Leader Epoch was: 0 (kafka.cluster.Partition)
[2018-03-11 22:12:38,185] INFO [Partition __consumer_offsets-1 broker=0] __consumer_offsets-1 starts at Leader Epoch 1 from offset 0. Previous Leader Epoch was: 0 (kafka.cluster.Partition)
[2018-03-11 22:12:38,185] INFO [Partition __consumer_offsets-20 broker=0] __consumer_offsets-20 starts at Leader Epoch 1 from offset 0. Previous Leader Epoch was: 0 (kafka.cluster.Partition)
[2018-03-11 22:12:38,185] INFO [Partition __consumer_offsets-39 broker=0] __consumer_offsets-39 starts at Leader Epoch 1 from offset 0. Previous Leader Epoch was: 0 (kafka.cluster.Partition)
[2018-03-11 22:12:38,185] INFO [Partition __consumer_offsets-17 broker=0] __consumer_offsets-17 starts at Leader Epoch 1 from offset 0. Previous Leader Epoch was: 0 (kafka.cluster.Partition)
[2018-03-11 22:12:38,186] INFO [Partition __consumer_offsets-36 broker=0] __consumer_offsets-36 starts at Leader Epoch 1 from offset 0. Previous Leader Epoch was: 0 (kafka.cluster.Partition)
[2018-03-11 22:12:38,186] INFO [Partition __consumer_offsets-14 broker=0] __consumer_offsets-14 starts at Leader Epoch 1 from offset 0. Previous Leader Epoch was: 0 (kafka.cluster.Partition)
[2018-03-11 22:12:38,186] INFO [Partition __consumer_offsets-33 broker=0] __consumer_offsets-33 starts at Leader Epoch 1 from offset 0. Previous Leader Epoch was: 0 (kafka.cluster.Partition)
[2018-03-11 22:12:38,186] INFO [Partition __consumer_offsets-49 broker=0] __consumer_offsets-49 starts at Leader Epoch 1 from offset 0. Previous Leader Epoch was: 0 (kafka.cluster.Partition)
[2018-03-11 22:12:38,187] INFO [Partition __consumer_offsets-11 broker=0] __consumer_offsets-11 starts at Leader Epoch 1 from offset 0. Previous Leader Epoch was: 0 (kafka.cluster.Partition)
[2018-03-11 22:12:38,187] INFO [Partition __consumer_offsets-30 broker=0] __consumer_offsets-30 starts at Leader Epoch 1 from offset 0. Previous Leader Epoch was: 0 (kafka.cluster.Partition)
[2018-03-11 22:12:38,187] INFO [Partition __consumer_offsets-46 broker=0] __consumer_offsets-46 starts at Leader Epoch 1 from offset 0. Previous Leader Epoch was: 0 (kafka.cluster.Partition)
[2018-03-11 22:12:38,187] INFO [Partition __consumer_offsets-27 broker=0] __consumer_offsets-27 starts at Leader Epoch 1 from offset 0. Previous Leader Epoch was: 0 (kafka.cluster.Partition)
[2018-03-11 22:12:38,187] INFO [Partition __consumer_offsets-8 broker=0] __consumer_offsets-8 starts at Leader Epoch 1 from offset 0. Previous Leader Epoch was: 0 (kafka.cluster.Partition)
[2018-03-11 22:12:38,188] INFO [Partition __consumer_offsets-24 broker=0] __consumer_offsets-24 starts at Leader Epoch 1 from offset 16. Previous Leader Epoch was: 0 (kafka.cluster.Partition)
[2018-03-11 22:12:38,188] INFO [Partition __consumer_offsets-43 broker=0] __consumer_offsets-43 starts at Leader Epoch 1 from offset 0. Previous Leader Epoch was: 0 (kafka.cluster.Partition)
[2018-03-11 22:12:38,188] INFO [Partition __consumer_offsets-5 broker=0] __consumer_offsets-5 starts at Leader Epoch 1 from offset 0. Previous Leader Epoch was: 0 (kafka.cluster.Partition)
[2018-03-11 22:12:38,188] INFO [Partition __consumer_offsets-21 broker=0] __consumer_offsets-21 starts at Leader Epoch 1 from offset 0. Previous Leader Epoch was: 0 (kafka.cluster.Partition)
[2018-03-11 22:12:38,188] INFO [Partition __consumer_offsets-2 broker=0] __consumer_offsets-2 starts at Leader Epoch 1 from offset 0. Previous Leader Epoch was: 0 (kafka.cluster.Partition)
[2018-03-11 22:12:38,189] INFO [Partition __consumer_offsets-40 broker=0] __consumer_offsets-40 starts at Leader Epoch 1 from offset 0. Previous Leader Epoch was: 0 (kafka.cluster.Partition)
[2018-03-11 22:12:38,189] INFO [Partition __consumer_offsets-37 broker=0] __consumer_offsets-37 starts at Leader Epoch 1 from offset 0. Previous Leader Epoch was: 0 (kafka.cluster.Partition)
[2018-03-11 22:12:38,192] INFO [Partition __consumer_offsets-18 broker=0] __consumer_offsets-18 starts at Leader Epoch 1 from offset 0. Previous Leader Epoch was: 0 (kafka.cluster.Partition)
[2018-03-11 22:12:38,193] INFO [Partition __consumer_offsets-34 broker=0] __consumer_offsets-34 starts at Leader Epoch 1 from offset 0. Previous Leader Epoch was: 0 (kafka.cluster.Partition)
[2018-03-11 22:12:38,193] INFO [Partition __consumer_offsets-15 broker=0] __consumer_offsets-15 starts at Leader Epoch 1 from offset 0. Previous Leader Epoch was: 0 (kafka.cluster.Partition)
[2018-03-11 22:12:38,193] INFO [Partition myTopic-0 broker=0] myTopic-0 starts at Leader Epoch 1 from offset 18. Previous Leader Epoch was: 0 (kafka.cluster.Partition)
[2018-03-11 22:12:38,193] INFO [Partition __consumer_offsets-12 broker=0] __consumer_offsets-12 starts at Leader Epoch 1 from offset 3. Previous Leader Epoch was: 0 (kafka.cluster.Partition)
[2018-03-11 22:12:38,193] INFO [Partition __consumer_offsets-31 broker=0] __consumer_offsets-31 starts at Leader Epoch 1 from offset 0. Previous Leader Epoch was: 0 (kafka.cluster.Partition)
[2018-03-11 22:12:38,194] INFO [Partition __consumer_offsets-9 broker=0] __consumer_offsets-9 starts at Leader Epoch 1 from offset 0. Previous Leader Epoch was: 0 (kafka.cluster.Partition)
[2018-03-11 22:12:38,200] INFO [Partition __consumer_offsets-47 broker=0] __consumer_offsets-47 starts at Leader Epoch 1 from offset 0. Previous Leader Epoch was: 0 (kafka.cluster.Partition)
[2018-03-11 22:12:38,200] INFO [Partition __consumer_offsets-19 broker=0] __consumer_offsets-19 starts at Leader Epoch 1 from offset 0. Previous Leader Epoch was: 0 (kafka.cluster.Partition)
[2018-03-11 22:12:38,201] INFO [Partition __consumer_offsets-28 broker=0] __consumer_offsets-28 starts at Leader Epoch 1 from offset 0. Previous Leader Epoch was: 0 (kafka.cluster.Partition)
[2018-03-11 22:12:38,201] INFO [Partition __consumer_offsets-38 broker=0] __consumer_offsets-38 starts at Leader Epoch 1 from offset 0. Previous Leader Epoch was: 0 (kafka.cluster.Partition)
[2018-03-11 22:12:38,201] INFO [Partition __consumer_offsets-35 broker=0] __consumer_offsets-35 starts at Leader Epoch 1 from offset 0. Previous Leader Epoch was: 0 (kafka.cluster.Partition)
[2018-03-11 22:12:38,201] INFO [Partition __consumer_offsets-44 broker=0] __consumer_offsets-44 starts at Leader Epoch 1 from offset 0. Previous Leader Epoch was: 0 (kafka.cluster.Partition)
[2018-03-11 22:12:38,201] INFO [Partition __consumer_offsets-6 broker=0] __consumer_offsets-6 starts at Leader Epoch 1 from offset 0. Previous Leader Epoch was: 0 (kafka.cluster.Partition)
[2018-03-11 22:12:38,202] INFO [Partition __consumer_offsets-25 broker=0] __consumer_offsets-25 starts at Leader Epoch 1 from offset 0. Previous Leader Epoch was: 0 (kafka.cluster.Partition)
[2018-03-11 22:12:38,202] INFO [Partition __consumer_offsets-16 broker=0] __consumer_offsets-16 starts at Leader Epoch 1 from offset 0. Previous Leader Epoch was: 0 (kafka.cluster.Partition)
[2018-03-11 22:12:38,202] INFO [Partition __consumer_offsets-22 broker=0] __consumer_offsets-22 starts at Leader Epoch 1 from offset 0. Previous Leader Epoch was: 0 (kafka.cluster.Partition)
[2018-03-11 22:12:38,202] INFO [Partition __consumer_offsets-41 broker=0] __consumer_offsets-41 starts at Leader Epoch 1 from offset 0. Previous Leader Epoch was: 0 (kafka.cluster.Partition)
[2018-03-11 22:12:38,202] INFO [Partition __consumer_offsets-32 broker=0] __consumer_offsets-32 starts at Leader Epoch 1 from offset 0. Previous Leader Epoch was: 0 (kafka.cluster.Partition)
[2018-03-11 22:12:38,203] INFO [Partition __consumer_offsets-3 broker=0] __consumer_offsets-3 starts at Leader Epoch 1 from offset 0. Previous Leader Epoch was: 0 (kafka.cluster.Partition)
[2018-03-11 22:12:38,203] INFO [Partition __consumer_offsets-13 broker=0] __consumer_offsets-13 starts at Leader Epoch 1 from offset 0. Previous Leader Epoch was: 0 (kafka.cluster.Partition)
[2018-03-11 22:12:38,192] INFO [GroupMetadataManager brokerId=0] Finished loading offsets and group metadata from __consumer_offsets-17 in 9 milliseconds. (kafka.coordinator.group.GroupMetadataManager)
[2018-03-11 22:12:38,204] INFO [GroupMetadataManager brokerId=0] Finished loading offsets and group metadata from __consumer_offsets-20 in 0 milliseconds. (kafka.coordinator.group.GroupMetadataManager)
[2018-03-11 22:12:38,205] INFO [GroupMetadataManager brokerId=0] Finished loading offsets and group metadata from __consumer_offsets-23 in 1 milliseconds. (kafka.coordinator.group.GroupMetadataManager)
[2018-03-11 22:12:38,205] INFO [GroupMetadataManager brokerId=0] Finished loading offsets and group metadata from __consumer_offsets-26 in 0 milliseconds. (kafka.coordinator.group.GroupMetadataManager)
[2018-03-11 22:12:38,205] INFO [GroupMetadataManager brokerId=0] Finished loading offsets and group metadata from __consumer_offsets-29 in 0 milliseconds. (kafka.coordinator.group.GroupMetadataManager)
[2018-03-11 22:12:38,206] INFO [GroupMetadataManager brokerId=0] Finished loading offsets and group metadata from __consumer_offsets-32 in 1 milliseconds. (kafka.coordinator.group.GroupMetadataManager)
[2018-03-11 22:12:38,206] INFO [GroupMetadataManager brokerId=0] Finished loading offsets and group metadata from __consumer_offsets-35 in 0 milliseconds. (kafka.coordinator.group.GroupMetadataManager)
[2018-03-11 22:12:38,206] INFO [GroupMetadataManager brokerId=0] Finished loading offsets and group metadata from __consumer_offsets-38 in 0 milliseconds. (kafka.coordinator.group.GroupMetadataManager)
[2018-03-11 22:12:38,207] INFO [GroupMetadataManager brokerId=0] Finished loading offsets and group metadata from __consumer_offsets-0 in 1 milliseconds. (kafka.coordinator.group.GroupMetadataManager)
[2018-03-11 22:12:38,207] INFO [GroupMetadataManager brokerId=0] Finished loading offsets and group metadata from __consumer_offsets-3 in 0 milliseconds. (kafka.coordinator.group.GroupMetadataManager)
[2018-03-11 22:12:38,207] INFO [GroupMetadataManager brokerId=0] Finished loading offsets and group metadata from __consumer_offsets-6 in 0 milliseconds. (kafka.coordinator.group.GroupMetadataManager)
[2018-03-11 22:12:38,208] INFO [GroupMetadataManager brokerId=0] Finished loading offsets and group metadata from __consumer_offsets-9 in 0 milliseconds. (kafka.coordinator.group.GroupMetadataManager)
[2018-03-11 22:12:38,289] INFO [GroupCoordinator 0]: Loading group metadata for test-group with generation 2 (kafka.coordinator.group.GroupCoordinator)
[2018-03-11 22:12:38,289] INFO [GroupMetadataManager brokerId=0] Finished loading offsets and group metadata from __consumer_offsets-12 in 81 milliseconds. (kafka.coordinator.group.GroupMetadataManager)
[2018-03-11 22:12:38,304] INFO [GroupMetadataManager brokerId=0] Finished loading offsets and group metadata from __consumer_offsets-15 in 14 milliseconds. (kafka.coordinator.group.GroupMetadataManager)
[2018-03-11 22:12:38,305] INFO [GroupMetadataManager brokerId=0] Finished loading offsets and group metadata from __consumer_offsets-18 in 1 milliseconds. (kafka.coordinator.group.GroupMetadataManager)
[2018-03-11 22:12:38,305] INFO [GroupMetadataManager brokerId=0] Finished loading offsets and group metadata from __consumer_offsets-21 in 0 milliseconds. (kafka.coordinator.group.GroupMetadataManager)
[2018-03-11 22:12:38,327] INFO [GroupCoordinator 0]: Loading group metadata for foo with generation 10 (kafka.coordinator.group.GroupCoordinator)
[2018-03-11 22:12:38,327] INFO [GroupMetadataManager brokerId=0] Finished loading offsets and group metadata from __consumer_offsets-24 in 22 milliseconds. (kafka.coordinator.group.GroupMetadataManager)
[2018-03-11 22:12:38,328] INFO [GroupMetadataManager brokerId=0] Finished loading offsets and group metadata from __consumer_offsets-27 in 0 milliseconds. (kafka.coordinator.group.GroupMetadataManager)
[2018-03-11 22:12:38,328] INFO [GroupMetadataManager brokerId=0] Finished loading offsets and group metadata from __consumer_offsets-30 in 0 milliseconds. (kafka.coordinator.group.GroupMetadataManager)
[2018-03-11 22:12:38,328] INFO [GroupMetadataManager brokerId=0] Finished loading offsets and group metadata from __consumer_offsets-33 in 0 milliseconds. (kafka.coordinator.group.GroupMetadataManager)
[2018-03-11 22:12:38,328] INFO [GroupMetadataManager brokerId=0] Finished loading offsets and group metadata from __consumer_offsets-36 in 0 milliseconds. (kafka.coordinator.group.GroupMetadataManager)
[2018-03-11 22:12:38,329] INFO [GroupMetadataManager brokerId=0] Finished loading offsets and group metadata from __consumer_offsets-39 in 0 milliseconds. (kafka.coordinator.group.GroupMetadataManager)
[2018-03-11 22:12:38,329] INFO [GroupMetadataManager brokerId=0] Finished loading offsets and group metadata from __consumer_offsets-42 in 0 milliseconds. (kafka.coordinator.group.GroupMetadataManager)
[2018-03-11 22:12:38,329] INFO [GroupMetadataManager brokerId=0] Finished loading offsets and group metadata from __consumer_offsets-45 in 0 milliseconds. (kafka.coordinator.group.GroupMetadataManager)
[2018-03-11 22:12:38,330] INFO [GroupMetadataManager brokerId=0] Finished loading offsets and group metadata from __consumer_offsets-48 in 1 milliseconds. (kafka.coordinator.group.GroupMetadataManager)
[2018-03-11 22:16:33,560] INFO Terminating process due to signal SIGINT (kafka.Kafka$)
[2018-03-11 22:16:33,571] INFO [KafkaServer id=0] shutting down (kafka.server.KafkaServer)
[2018-03-11 22:16:33,572] INFO [KafkaServer id=0] Starting controlled shutdown (kafka.server.KafkaServer)
[2018-03-11 22:16:33,622] INFO [KafkaServer id=0] Controlled shutdown succeeded (kafka.server.KafkaServer)
[2018-03-11 22:16:33,629] INFO [SocketServer brokerId=0] Shutting down (kafka.network.SocketServer)
[2018-03-11 22:16:33,647] INFO [SocketServer brokerId=0] Shutdown completed (kafka.network.SocketServer)
[2018-03-11 22:16:33,647] INFO [Kafka Request Handler on Broker 0], shutting down (kafka.server.KafkaRequestHandlerPool)
[2018-03-11 22:16:33,709] INFO [Kafka Request Handler on Broker 0], shut down completely (kafka.server.KafkaRequestHandlerPool)
[2018-03-11 22:16:33,713] INFO [ThrottledRequestReaper-Fetch]: Shutting down (kafka.server.ClientQuotaManager$ThrottledRequestReaper)
[2018-03-11 22:16:34,400] INFO [ThrottledRequestReaper-Fetch]: Stopped (kafka.server.ClientQuotaManager$ThrottledRequestReaper)
[2018-03-11 22:16:34,401] INFO [ThrottledRequestReaper-Fetch]: Shutdown completed (kafka.server.ClientQuotaManager$ThrottledRequestReaper)
[2018-03-11 22:16:34,401] INFO [ThrottledRequestReaper-Produce]: Shutting down (kafka.server.ClientQuotaManager$ThrottledRequestReaper)
[2018-03-11 22:16:35,401] INFO [ThrottledRequestReaper-Produce]: Stopped (kafka.server.ClientQuotaManager$ThrottledRequestReaper)
[2018-03-11 22:16:35,401] INFO [ThrottledRequestReaper-Produce]: Shutdown completed (kafka.server.ClientQuotaManager$ThrottledRequestReaper)
[2018-03-11 22:16:35,401] INFO [ThrottledRequestReaper-Request]: Shutting down (kafka.server.ClientQuotaManager$ThrottledRequestReaper)
[2018-03-11 22:16:36,330] INFO Unable to read additional data from server sessionid 0x16215675bde0000, likely server has closed socket, closing socket connection and attempting reconnect (org.apache.zookeeper.ClientCnxn)
[2018-03-11 22:16:36,401] INFO [ThrottledRequestReaper-Request]: Stopped (kafka.server.ClientQuotaManager$ThrottledRequestReaper)
[2018-03-11 22:16:36,401] INFO [ThrottledRequestReaper-Request]: Shutdown completed (kafka.server.ClientQuotaManager$ThrottledRequestReaper)
[2018-03-11 22:16:36,402] INFO [KafkaApi-0] Shutdown complete. (kafka.server.KafkaApis)
[2018-03-11 22:16:36,404] INFO [ExpirationReaper-0-topic]: Shutting down (kafka.server.DelayedOperationPurgatory$ExpiredOperationReaper)
[2018-03-11 22:16:36,431] INFO zookeeper state changed (Disconnected) (org.I0Itec.zkclient.ZkClient)
[2018-03-11 22:16:36,496] INFO [ExpirationReaper-0-topic]: Stopped (kafka.server.DelayedOperationPurgatory$ExpiredOperationReaper)
[2018-03-11 22:16:36,497] INFO [ExpirationReaper-0-topic]: Shutdown completed (kafka.server.DelayedOperationPurgatory$ExpiredOperationReaper)
[2018-03-11 22:16:36,507] INFO [TransactionCoordinator id=0] Shutting down. (kafka.coordinator.transaction.TransactionCoordinator)
[2018-03-11 22:16:36,509] INFO [ProducerId Manager 0]: Shutdown complete: last producerId assigned 1000 (kafka.coordinator.transaction.ProducerIdManager)
[2018-03-11 22:16:36,510] INFO [Transaction State Manager 0]: Shutdown complete (kafka.coordinator.transaction.TransactionStateManager)
[2018-03-11 22:16:36,510] INFO [Transaction Marker Channel Manager 0]: Shutting down (kafka.coordinator.transaction.TransactionMarkerChannelManager)
[2018-03-11 22:16:36,513] INFO [Transaction Marker Channel Manager 0]: Stopped (kafka.coordinator.transaction.TransactionMarkerChannelManager)
[2018-03-11 22:16:36,513] INFO [Transaction Marker Channel Manager 0]: Shutdown completed (kafka.coordinator.transaction.TransactionMarkerChannelManager)
[2018-03-11 22:16:36,514] INFO [TransactionCoordinator id=0] Shutdown complete. (kafka.coordinator.transaction.TransactionCoordinator)
[2018-03-11 22:16:36,514] INFO [GroupCoordinator 0]: Shutting down. (kafka.coordinator.group.GroupCoordinator)
[2018-03-11 22:16:36,521] INFO [ExpirationReaper-0-Heartbeat]: Shutting down (kafka.server.DelayedOperationPurgatory$ExpiredOperationReaper)
[2018-03-11 22:16:36,697] INFO [ExpirationReaper-0-Heartbeat]: Stopped (kafka.server.DelayedOperationPurgatory$ExpiredOperationReaper)
[2018-03-11 22:16:36,697] INFO [ExpirationReaper-0-Heartbeat]: Shutdown completed (kafka.server.DelayedOperationPurgatory$ExpiredOperationReaper)
[2018-03-11 22:16:36,697] INFO [ExpirationReaper-0-Rebalance]: Shutting down (kafka.server.DelayedOperationPurgatory$ExpiredOperationReaper)
[2018-03-11 22:16:36,897] INFO [ExpirationReaper-0-Rebalance]: Stopped (kafka.server.DelayedOperationPurgatory$ExpiredOperationReaper)
[2018-03-11 22:16:36,897] INFO [ExpirationReaper-0-Rebalance]: Shutdown completed (kafka.server.DelayedOperationPurgatory$ExpiredOperationReaper)
[2018-03-11 22:16:36,898] INFO [GroupCoordinator 0]: Shutdown complete. (kafka.coordinator.group.GroupCoordinator)
[2018-03-11 22:16:36,899] INFO [ReplicaManager broker=0] Shutting down (kafka.server.ReplicaManager)
[2018-03-11 22:16:36,899] INFO [LogDirFailureHandler]: Shutting down (kafka.server.ReplicaManager$LogDirFailureHandler)
[2018-03-11 22:16:36,901] INFO [LogDirFailureHandler]: Stopped (kafka.server.ReplicaManager$LogDirFailureHandler)
[2018-03-11 22:16:36,901] INFO [LogDirFailureHandler]: Shutdown completed (kafka.server.ReplicaManager$LogDirFailureHandler)
[2018-03-11 22:16:36,902] INFO [ReplicaFetcherManager on broker 0] shutting down (kafka.server.ReplicaFetcherManager)
[2018-03-11 22:16:36,903] INFO [ReplicaFetcherManager on broker 0] shutdown completed (kafka.server.ReplicaFetcherManager)
[2018-03-11 22:16:36,903] INFO [ExpirationReaper-0-Fetch]: Shutting down (kafka.server.DelayedOperationPurgatory$ExpiredOperationReaper)
[2018-03-11 22:16:36,948] INFO [ExpirationReaper-0-Fetch]: Stopped (kafka.server.DelayedOperationPurgatory$ExpiredOperationReaper)
[2018-03-11 22:16:36,948] INFO [ExpirationReaper-0-Fetch]: Shutdown completed (kafka.server.DelayedOperationPurgatory$ExpiredOperationReaper)
[2018-03-11 22:16:36,948] INFO [ExpirationReaper-0-Produce]: Shutting down (kafka.server.DelayedOperationPurgatory$ExpiredOperationReaper)
[2018-03-11 22:16:37,148] INFO [ExpirationReaper-0-Produce]: Stopped (kafka.server.DelayedOperationPurgatory$ExpiredOperationReaper)
[2018-03-11 22:16:37,148] INFO [ExpirationReaper-0-Produce]: Shutdown completed (kafka.server.DelayedOperationPurgatory$ExpiredOperationReaper)
[2018-03-11 22:16:37,148] INFO [ExpirationReaper-0-DeleteRecords]: Shutting down (kafka.server.DelayedOperationPurgatory$ExpiredOperationReaper)
[2018-03-11 22:16:37,348] INFO [ExpirationReaper-0-DeleteRecords]: Stopped (kafka.server.DelayedOperationPurgatory$ExpiredOperationReaper)
[2018-03-11 22:16:37,349] INFO [ExpirationReaper-0-DeleteRecords]: Shutdown completed (kafka.server.DelayedOperationPurgatory$ExpiredOperationReaper)
[2018-03-11 22:16:37,358] INFO [ReplicaManager broker=0] Shut down completely (kafka.server.ReplicaManager)
[2018-03-11 22:16:37,358] INFO Shutting down. (kafka.log.LogManager)
[2018-03-11 22:16:37,430] INFO Shutdown complete. (kafka.log.LogManager)
[2018-03-11 22:16:37,447] INFO Terminate ZkClient event thread. (org.I0Itec.zkclient.ZkEventThread)
[2018-03-11 22:16:37,473] INFO Opening socket connection to server localhost/127.0.0.1:2181. Will not attempt to authenticate using SASL (unknown error) (org.apache.zookeeper.ClientCnxn)
[2018-03-11 22:16:37,576] INFO Session: 0x16215675bde0000 closed (org.apache.zookeeper.ZooKeeper)
[2018-03-11 22:16:37,578] INFO EventThread shut down for session: 0x16215675bde0000 (org.apache.zookeeper.ClientCnxn)
[2018-03-11 22:16:37,589] INFO [KafkaServer id=0] shut down completed (kafka.server.KafkaServer)
